++++++++++++++++++++++++++++++++++++++++++++++++++++++++++++++
|       EasyQC2	   |     1.1.1.b5  |   01/September/2022  |
++++++++++++++++++++++++++++++++++++++++++++++++++++++++++++++
|  (C) 2013 Thomas Winkler, GNU General Public License, v3   |
++++++++++++++++++++++++++++++++++++++++++++++++++++++++++++++
|  For bug-report, please e-mail:                            |
|  thomas.winkler@klinik.uni-regensburg.de                   |
++++++++++++++++++++++++++++++++++++++++++++++++++++++++++++++

+++++
Starting Easy2: 2024-09-20 11:58:34 
Running script  /genetics/MixedStudies/Projects/2211_cIMT_GWAMA_PHRI//Scripts/QC//GRACE/EGG_cIMT_EasyQC2_GRACE_AMR.ecf ...

+++++
Getting list of input files ...
Using:
   +  /genetics/ORIGIN/GRACE/Projects/2303_GRACE_cIMT_GWAS/Outputs/maxLCF/AMR/MW/GRACE_cIMT.maxLCF.OAD.MW.noBMI.AMR.AL.20240903_tmp.txt.gz 
   +  /genetics/ORIGIN/GRACE/Projects/2303_GRACE_cIMT_GWAS/Outputs/maxLCF/AMR/MW/GRACE_cIMT.maxLCF.OAD.MW.adjBMI.AMR.AL.20240903_tmp.txt.gz 
   +  /genetics/ORIGIN/GRACE/Projects/2303_GRACE_cIMT_GWAS/Outputs/maxLCF/AMR/W/GRACE_cIMT.maxLCF.OAD.W.noBMI.AMR.AL.20240903_tmp.txt.gz 
   +  /genetics/ORIGIN/GRACE/Projects/2303_GRACE_cIMT_GWAS/Outputs/maxLCF/AMR/W/GRACE_cIMT.maxLCF.OAD.W.adjBMI.AMR.AL.20240903_tmp.txt.gz 
   +  /genetics/ORIGIN/GRACE/Projects/2303_GRACE_cIMT_GWAS/Outputs/maxLCF/AMR/M/GRACE_cIMT.maxLCF.OAD.M.noBMI.AMR.AL.20240903_tmp.txt.gz 
   +  /genetics/ORIGIN/GRACE/Projects/2303_GRACE_cIMT_GWAS/Outputs/maxLCF/AMR/M/GRACE_cIMT.maxLCF.OAD.M.adjBMI.AMR.AL.20240903_tmp.txt.gz 

+++++
Default output path is 
/genetics/MixedStudies/Projects/2211_cIMT_GWAMA_PHRI/Results/GWAS/GRACE/Cleaned/AMR/maxLCF/

+++++
Performing validity check on 10 rows from each file :

   +  GRACE_cIMT.maxLCF.OAD.MW.noBMI.AMR.AL.20240903_tmp.txt.gz -> OK
   +  GRACE_cIMT.maxLCF.OAD.MW.adjBMI.AMR.AL.20240903_tmp.txt.gz -> OK
   +  GRACE_cIMT.maxLCF.OAD.W.noBMI.AMR.AL.20240903_tmp.txt.gz -> OK
   +  GRACE_cIMT.maxLCF.OAD.W.adjBMI.AMR.AL.20240903_tmp.txt.gz -> OK
   +  GRACE_cIMT.maxLCF.OAD.M.noBMI.AMR.AL.20240903_tmp.txt.gz -> OK
   +  GRACE_cIMT.maxLCF.OAD.M.adjBMI.AMR.AL.20240903_tmp.txt.gz -> OK
 Passed validity check!

+++++
Processing file: GRACE_cIMT.maxLCF.OAD.MW.noBMI.AMR.AL.20240903_tmp.txt.gz 
   + Reading  /genetics/ORIGIN/GRACE/Projects/2303_GRACE_cIMT_GWAS/Outputs/maxLCF/AMR/MW/GRACE_cIMT.maxLCF.OAD.MW.noBMI.AMR.AL.20240903_tmp.txt.gz ... 
	** Data reading time: 0.66 Minutes
	** Current memory allocated: 13876248 
   + CLEAN 
      --rcdClean is.na(CHR) 
      --strCleanName numDrop.CHR.missing
	** Function evaluation time: 0 Minutes
	** Current memory allocated: 14131988 
   + CLEAN 
      --rcdClean is.na(POS) 
      --strCleanName numDrop.POS.missing
	** Function evaluation time: 0 Minutes
	** Current memory allocated: 12382984 
   + CLEAN 
      --rcdClean is.na(N) 
      --strCleanName numDrop.N.missing
	** Function evaluation time: 0 Minutes
	** Current memory allocated: 12382984 
   + CLEAN 
      --rcdClean is.na(BETA) 
      --strCleanName numDrop.BETA.missing
	** Function evaluation time: 0 Minutes
	** Current memory allocated: 12382984 
   + CLEAN 
      --rcdClean is.na(SE) 
      --strCleanName numDrop.SE.missing
	** Function evaluation time: 0 Minutes
	** Current memory allocated: 12382984 
   + CLEAN 
      --rcdClean is.na(PVAL) 
      --strCleanName numDrop.PVAL.missing
	** Function evaluation time: 0 Minutes
	** Current memory allocated: 12382984 
   + ADDCOL 
      --rcdAddCol signif((2*N0)+N1/(2*N),4) 
      --colOut EAF
	** Function evaluation time: 0.05 Minutes
	** Current memory allocated: 14235156 
   + CLEAN 
      --rcdClean EAF==0|EAF==1 
      --strCleanName numDrop.EAF.monomorph
	** Function evaluation time: 0.01 Minutes
	** Current memory allocated: 12766192 
   + CLEAN 
      --rcdClean is.na(EAF) 
      --strCleanName numDrop.EAF.missing
	** Function evaluation time: 0 Minutes
	** Current memory allocated: 12510720 
   + ADDCOL 
      --rcdAddCol signif(2*pmin(EAF,1-EAF)*N,4) 
      --colOut MAC_ALL
	** Function evaluation time: 0.05 Minutes
	** Current memory allocated: 14746100 
   + CLEAN 
      --rcdClean N<30 
      --strCleanName numDrop_Nlt30
	** Function evaluation time: 0 Minutes
	** Current memory allocated: 12766192 
   + CLEAN 
      --rcdClean MAC_ALL<=6 
      --strCleanName numDrop_MAClet6
	** Function evaluation time: 0.02 Minutes
	** Current memory allocated: 13148128 
   + CLEAN 
      --rcdClean EAF<0|EAF>1 
      --strCleanName numDrop.EAF.invalid
	** Function evaluation time: 0 Minutes
	** Current memory allocated: 10658548 
   + CLEAN 
      --rcdClean abs(BETA)==Inf 
      --strCleanName numDrop.BETA.inf
	** Function evaluation time: 0 Minutes
	** Current memory allocated: 10658548 
   + CLEAN 
      --rcdClean PVAL<0|PVAL>1 
      --strCleanName numDrop.invalid.P
	** Function evaluation time: 0 Minutes
	** Current memory allocated: 10658548 
   + CLEAN 
      --rcdClean SE<=0|SE==Inf 
      --strCleanName numDrop.invalid.SE
	** Function evaluation time: 0 Minutes
	** Current memory allocated: 10658548 
   + CLEAN 
      --rcdClean BETA<=0|BETA==Inf 
      --strCleanName numDrop.invalid.BETA
	** Function evaluation time: 0 Minutes
	** Current memory allocated: 10658548 
   + CLEAN 
      --rcdClean !CHR%in%c(1:22,NA) 
      --strCleanName numDropSNP_ChrXY 
      --blnWriteCleaned 1
	** Function evaluation time: 0 Minutes
	** Current memory allocated: 10658548 
   + EDITCOL 
      --rcdEditCol gsub('^0+','',CHR) 
      --colEdit CHR
	** Function evaluation time: 0 Minutes
	** Current memory allocated: 10658548 
   + EDITCOL 
      --rcdEditCol gsub('^0+','',POS) 
      --colEdit POS
	** Function evaluation time: 0 Minutes
	** Current memory allocated: 10658548 
   + LIFTOVER 
      --colInChr CHR 
      --colInPos POS 
      --fileLiftOver /genetics/UKB/Charge/1000G_p3v5.TOPMed_Imputed.add_UKB.Liftover_hg19to38.txt.gz 
      --blnCheckLift 1
   + Reading  /genetics/UKB/Charge/1000G_p3v5.TOPMed_Imputed.add_UKB.Liftover_hg19to38.txt.gz ... 
Lifting positions ... 
LIFTOVER: 973 variants from GRACE_cIMT.maxLCF.OAD.MW.noBMI.AMR.AL.20240903_tmp.txt.gz were lifted from Hg19 to Hg38. 24280 variants were removed due to unavailabilty in the liftover file.
	** Function evaluation time: 5.98 Minutes
	** Current memory allocated: 13514912 
   + EDITCOL 
      --rcdEditCol toupper(EFFECT_ALLELE) 
      --colEdit EFFECT_ALLELE
	** Function evaluation time: 0 Minutes
	** Current memory allocated: 13215872 
   + EDITCOL 
      --rcdEditCol toupper(NON_EFFECT_ALLELE) 
      --colEdit NON_EFFECT_ALLELE
	** Function evaluation time: 0 Minutes
	** Current memory allocated: 13215872 
   + CREATECPAID 
      --colInChr CHR 
      --colInPos POS 
      --colInEA EFFECT_ALLELE 
      --colInOA NON_EFFECT_ALLELE 
      --acolInFreq EAF 
      --acolInBeta BETA
	** Function evaluation time: 0 Minutes
	** Current memory allocated: 13215872 
   + WRITE 
      --strPrefix CLEANED 
      --strSuffix cpaid 
      --strMode gz
	** Function evaluation time: 0 Minutes
	** Current memory allocated: 13215872 
   + EVALSTAT 
      --colStat N
	** Function evaluation time: 0 Minutes
	** Current memory allocated: 13215872 
   + GC 
      --colPval PVAL 
      --blnSuppressCorrection 1
	** Function evaluation time: 0 Minutes
	** Current memory allocated: 13215872 
   + QQPLOT 
      --acolQQPlot PVAL 
      --astrColour black 
      --blnAddLambdaGC 1 
      --numPvalOffset 0.05 
      --strPlotName qq.SNP 
      --strMode subplot
	** Function evaluation time: 0 Minutes
	** Current memory allocated: 13215872 
   + RPLOT 
      --rcdRPlotX N_max 
      --rcdRPlotY Lambda.PVAL.GC 
      --arcdAdd2Plot abline(h=1,col='orange');abline(h=1.1,col='red') 
      --strAxes lim(0,NULL,0,NULL) 
      --strPlotName GC-PLOT
	** Function evaluation time: 0 Minutes
	** Current memory allocated: 13215872 
   + MERGE 
      --colInMarker cpaid 
      --fileRef /genetics/TopMed/Charge/1000G_EUR_p3v5.TOPMed_Imputed.Allele_Freq.hg38.txt.gz 
      --acolIn cpaid;AA1_Freq;R2 
      --acolInClasses character;numeric;numeric 
      --strRefSuffix .ref 
      --colRefMarker cpaid 
      --blnInAll 0 
      --blnRefAll 0 
      --blnWriteNotInRef 1
   + Reading  /genetics/TopMed/Charge/1000G_EUR_p3v5.TOPMed_Imputed.Allele_Freq.hg38.txt.gz ... 
	** Function evaluation time: 1.07 Minutes
	** Current memory allocated: 15398496 
   + AFCHECK 
      --colInFreq EAF 
      --colRefFreq AA1_Freq.ref 
      --astrColour red;blue;purple 
      --blnPlotAll 0 
      --numLimOutlier 0.2
	** Function evaluation time: 0 Minutes
	** Current memory allocated: 13864084 
   + CALCULATE 
      --rcdCalc length(cpaid) 
      --strCalcName AFCHECK.Checked
	** Function evaluation time: 0 Minutes
	** Current memory allocated: 13864084 
   + RADDCOL 
      --rcdRAddCol AFCHECK.Checked-AFCHECK.numOutlier 
      --colROut AFok
	** Function evaluation time: 0 Minutes
	** Current memory allocated: 13864084 
   + RADDCOL 
      --rcdRAddCol AFCHECK.numOutlier 
      --colROut AFoutlier
	** Function evaluation time: 0 Minutes
	** Current memory allocated: 13864084 
   + BRPLOT 
      --acolBRPlot AFok;AFoutlier;NotInRef 
      --astrColour green;red;grey 
      --numParLas 1 
      --strPlotName BARPLOT.HighQualVar.AFchecks
	** Function evaluation time: 0 Minutes
	** Current memory allocated: 13864084 
   + PZPLOT 
      --colBeta BETA 
      --colSe SE 
      --colPval PVAL
	** Function evaluation time: 0 Minutes
	** Current memory allocated: 13864084 
** File processing time: 18.11 Minutes

+++++
Processing file: GRACE_cIMT.maxLCF.OAD.MW.adjBMI.AMR.AL.20240903_tmp.txt.gz 
   + Reading  /genetics/ORIGIN/GRACE/Projects/2303_GRACE_cIMT_GWAS/Outputs/maxLCF/AMR/MW/GRACE_cIMT.maxLCF.OAD.MW.adjBMI.AMR.AL.20240903_tmp.txt.gz ... 
	** Data reading time: 2.56 Minutes
	** Current memory allocated: 17080372 
   + CLEAN 
      --rcdClean is.na(CHR) 
      --strCleanName numDrop.CHR.missing
	** Function evaluation time: 0.01 Minutes
	** Current memory allocated: 17335764 
   + CLEAN 
      --rcdClean is.na(POS) 
      --strCleanName numDrop.POS.missing
	** Function evaluation time: 0 Minutes
	** Current memory allocated: 15651828 
   + CLEAN 
      --rcdClean is.na(N) 
      --strCleanName numDrop.N.missing
	** Function evaluation time: 0 Minutes
	** Current memory allocated: 15651828 
   + CLEAN 
      --rcdClean is.na(BETA) 
      --strCleanName numDrop.BETA.missing
	** Function evaluation time: 0 Minutes
	** Current memory allocated: 15651828 
   + CLEAN 
      --rcdClean is.na(SE) 
      --strCleanName numDrop.SE.missing
	** Function evaluation time: 0 Minutes
	** Current memory allocated: 15651828 
   + CLEAN 
      --rcdClean is.na(PVAL) 
      --strCleanName numDrop.PVAL.missing
	** Function evaluation time: 0.01 Minutes
	** Current memory allocated: 15651828 
   + ADDCOL 
      --rcdAddCol signif((2*N0)+N1/(2*N),4) 
      --colOut EAF
	** Function evaluation time: 0.05 Minutes
	** Current memory allocated: 17439572 
   + CLEAN 
      --rcdClean EAF==0|EAF==1 
      --strCleanName numDrop.EAF.monomorph
	** Function evaluation time: 0.01 Minutes
	** Current memory allocated: 16034916 
   + CLEAN 
      --rcdClean is.na(EAF) 
      --strCleanName numDrop.EAF.missing
	** Function evaluation time: 0 Minutes
	** Current memory allocated: 15779524 
   + ADDCOL 
      --rcdAddCol signif(2*pmin(EAF,1-EAF)*N,4) 
      --colOut MAC_ALL
	** Function evaluation time: 0.06 Minutes
	** Current memory allocated: 17950356 
   + CLEAN 
      --rcdClean N<30 
      --strCleanName numDrop_Nlt30
	** Function evaluation time: 0.01 Minutes
	** Current memory allocated: 16034916 
   + CLEAN 
      --rcdClean MAC_ALL<=6 
      --strCleanName numDrop_MAClet6
	** Function evaluation time: 0.02 Minutes
	** Current memory allocated: 16416732 
   + CLEAN 
      --rcdClean EAF<0|EAF>1 
      --strCleanName numDrop.EAF.invalid
	** Function evaluation time: 0 Minutes
	** Current memory allocated: 13864084 
   + CLEAN 
      --rcdClean abs(BETA)==Inf 
      --strCleanName numDrop.BETA.inf
	** Function evaluation time: 0 Minutes
	** Current memory allocated: 13864084 
   + CLEAN 
      --rcdClean PVAL<0|PVAL>1 
      --strCleanName numDrop.invalid.P
	** Function evaluation time: 0 Minutes
	** Current memory allocated: 13864084 
   + CLEAN 
      --rcdClean SE<=0|SE==Inf 
      --strCleanName numDrop.invalid.SE
	** Function evaluation time: 0 Minutes
	** Current memory allocated: 13864084 
   + CLEAN 
      --rcdClean BETA<=0|BETA==Inf 
      --strCleanName numDrop.invalid.BETA
	** Function evaluation time: 0 Minutes
	** Current memory allocated: 13864084 
   + CLEAN 
      --rcdClean !CHR%in%c(1:22,NA) 
      --strCleanName numDropSNP_ChrXY 
      --blnWriteCleaned 1
	** Function evaluation time: 0 Minutes
	** Current memory allocated: 13864084 
   + EDITCOL 
      --rcdEditCol gsub('^0+','',CHR) 
      --colEdit CHR
	** Function evaluation time: 0 Minutes
	** Current memory allocated: 13864084 
   + EDITCOL 
      --rcdEditCol gsub('^0+','',POS) 
      --colEdit POS
	** Function evaluation time: 0 Minutes
	** Current memory allocated: 13864084 
   + LIFTOVER 
      --colInChr CHR 
      --colInPos POS 
      --fileLiftOver /genetics/UKB/Charge/1000G_p3v5.TOPMed_Imputed.add_UKB.Liftover_hg19to38.txt.gz 
      --blnCheckLift 1
Lifting positions ... 
LIFTOVER: 983 variants from GRACE_cIMT.maxLCF.OAD.MW.adjBMI.AMR.AL.20240903_tmp.txt.gz were lifted from Hg19 to Hg38. 24439 variants were removed due to unavailabilty in the liftover file.
	** Function evaluation time: 2.33 Minutes
	** Current memory allocated: 14023792 
   + EDITCOL 
      --rcdEditCol toupper(EFFECT_ALLELE) 
      --colEdit EFFECT_ALLELE
	** Function evaluation time: 0 Minutes
	** Current memory allocated: 13724752 
   + EDITCOL 
      --rcdEditCol toupper(NON_EFFECT_ALLELE) 
      --colEdit NON_EFFECT_ALLELE
	** Function evaluation time: 0 Minutes
	** Current memory allocated: 13724752 
   + CREATECPAID 
      --colInChr CHR 
      --colInPos POS 
      --colInEA EFFECT_ALLELE 
      --colInOA NON_EFFECT_ALLELE 
      --acolInFreq EAF 
      --acolInBeta BETA
	** Function evaluation time: 0 Minutes
	** Current memory allocated: 13724752 
   + WRITE 
      --strPrefix CLEANED 
      --strSuffix cpaid 
      --strMode gz
	** Function evaluation time: 0 Minutes
	** Current memory allocated: 13724752 
   + EVALSTAT 
      --colStat N
	** Function evaluation time: 0 Minutes
	** Current memory allocated: 13724752 
   + GC 
      --colPval PVAL 
      --blnSuppressCorrection 1
	** Function evaluation time: 0 Minutes
	** Current memory allocated: 13724752 
   + QQPLOT 
      --acolQQPlot PVAL 
      --astrColour black 
      --blnAddLambdaGC 1 
      --numPvalOffset 0.05 
      --strPlotName qq.SNP 
      --strMode subplot
	** Function evaluation time: 0 Minutes
	** Current memory allocated: 13724752 
   + RPLOT 
      --rcdRPlotX N_max 
      --rcdRPlotY Lambda.PVAL.GC 
      --arcdAdd2Plot abline(h=1,col='orange');abline(h=1.1,col='red') 
      --strAxes lim(0,NULL,0,NULL) 
      --strPlotName GC-PLOT
	** Function evaluation time: 0 Minutes
	** Current memory allocated: 13724752 
   + MERGE 
      --colInMarker cpaid 
      --fileRef /genetics/TopMed/Charge/1000G_EUR_p3v5.TOPMed_Imputed.Allele_Freq.hg38.txt.gz 
      --acolIn cpaid;AA1_Freq;R2 
      --acolInClasses character;numeric;numeric 
      --strRefSuffix .ref 
      --colRefMarker cpaid 
      --blnInAll 0 
      --blnRefAll 0 
      --blnWriteNotInRef 1
	** Function evaluation time: 0.58 Minutes
	** Current memory allocated: 14899592 
   + AFCHECK 
      --colInFreq EAF 
      --colRefFreq AA1_Freq.ref 
      --astrColour red;blue;purple 
      --blnPlotAll 0 
      --numLimOutlier 0.2
	** Function evaluation time: 0 Minutes
	** Current memory allocated: 13864084 
   + CALCULATE 
      --rcdCalc length(cpaid) 
      --strCalcName AFCHECK.Checked
	** Function evaluation time: 0 Minutes
	** Current memory allocated: 13864084 
   + RADDCOL 
      --rcdRAddCol AFCHECK.Checked-AFCHECK.numOutlier 
      --colROut AFok
	** Function evaluation time: 0 Minutes
	** Current memory allocated: 13864084 
   + RADDCOL 
      --rcdRAddCol AFCHECK.numOutlier 
      --colROut AFoutlier
	** Function evaluation time: 0 Minutes
	** Current memory allocated: 13864084 
   + BRPLOT 
      --acolBRPlot AFok;AFoutlier;NotInRef 
      --astrColour green;red;grey 
      --numParLas 1 
      --strPlotName BARPLOT.HighQualVar.AFchecks
	** Function evaluation time: 0 Minutes
	** Current memory allocated: 13864084 
   + PZPLOT 
      --colBeta BETA 
      --colSe SE 
      --colPval PVAL
	** Function evaluation time: 0 Minutes
	** Current memory allocated: 13864084 
** File processing time: 29.03 Minutes

+++++
Processing file: GRACE_cIMT.maxLCF.OAD.W.noBMI.AMR.AL.20240903_tmp.txt.gz 
   + Reading  /genetics/ORIGIN/GRACE/Projects/2303_GRACE_cIMT_GWAS/Outputs/maxLCF/AMR/W/GRACE_cIMT.maxLCF.OAD.W.noBMI.AMR.AL.20240903_tmp.txt.gz ... 
	** Data reading time: 1.32 Minutes
	** Current memory allocated: 17081332 
   + CLEAN 
      --rcdClean is.na(CHR) 
      --strCleanName numDrop.CHR.missing
	** Function evaluation time: 0 Minutes
	** Current memory allocated: 17336804 
   + CLEAN 
      --rcdClean is.na(POS) 
      --strCleanName numDrop.POS.missing
	** Function evaluation time: 0 Minutes
	** Current memory allocated: 15652388 
   + CLEAN 
      --rcdClean is.na(N) 
      --strCleanName numDrop.N.missing
	** Function evaluation time: 0 Minutes
	** Current memory allocated: 15652388 
   + CLEAN 
      --rcdClean is.na(BETA) 
      --strCleanName numDrop.BETA.missing
	** Function evaluation time: 0 Minutes
	** Current memory allocated: 15652388 
   + CLEAN 
      --rcdClean is.na(SE) 
      --strCleanName numDrop.SE.missing
	** Function evaluation time: 0 Minutes
	** Current memory allocated: 15652388 
   + CLEAN 
      --rcdClean is.na(PVAL) 
      --strCleanName numDrop.PVAL.missing
	** Function evaluation time: 0 Minutes
	** Current memory allocated: 15652388 
   + ADDCOL 
      --rcdAddCol signif((2*N0)+N1/(2*N),4) 
      --colOut EAF
	** Function evaluation time: 0.05 Minutes
	** Current memory allocated: 17440692 
   + CLEAN 
      --rcdClean EAF==0|EAF==1 
      --strCleanName numDrop.EAF.monomorph
	** Function evaluation time: 0.01 Minutes
	** Current memory allocated: 16035596 
   + CLEAN 
      --rcdClean is.na(EAF) 
      --strCleanName numDrop.EAF.missing
	** Function evaluation time: 0 Minutes
	** Current memory allocated: 15780124 
   + ADDCOL 
      --rcdAddCol signif(2*pmin(EAF,1-EAF)*N,4) 
      --colOut MAC_ALL
	** Function evaluation time: 0.06 Minutes
	** Current memory allocated: 17951636 
   + CLEAN 
      --rcdClean N<30 
      --strCleanName numDrop_Nlt30
	** Function evaluation time: 0.01 Minutes
	** Current memory allocated: 16035596 
   + CLEAN 
      --rcdClean MAC_ALL<=6 
      --strCleanName numDrop_MAClet6
	** Function evaluation time: 0.02 Minutes
	** Current memory allocated: 16417532 
   + CLEAN 
      --rcdClean EAF<0|EAF>1 
      --strCleanName numDrop.EAF.invalid
	** Function evaluation time: 0 Minutes
	** Current memory allocated: 13864084 
   + CLEAN 
      --rcdClean abs(BETA)==Inf 
      --strCleanName numDrop.BETA.inf
	** Function evaluation time: 0 Minutes
	** Current memory allocated: 13864084 
   + CLEAN 
      --rcdClean PVAL<0|PVAL>1 
      --strCleanName numDrop.invalid.P
	** Function evaluation time: 0 Minutes
	** Current memory allocated: 13864084 
   + CLEAN 
      --rcdClean SE<=0|SE==Inf 
      --strCleanName numDrop.invalid.SE
	** Function evaluation time: 0 Minutes
	** Current memory allocated: 13864084 
   + CLEAN 
      --rcdClean BETA<=0|BETA==Inf 
      --strCleanName numDrop.invalid.BETA
	** Function evaluation time: 0 Minutes
	** Current memory allocated: 13864084 
   + CLEAN 
      --rcdClean !CHR%in%c(1:22,NA) 
      --strCleanName numDropSNP_ChrXY 
      --blnWriteCleaned 1
	** Function evaluation time: 0 Minutes
	** Current memory allocated: 13864084 
   + EDITCOL 
      --rcdEditCol gsub('^0+','',CHR) 
      --colEdit CHR
	** Function evaluation time: 0 Minutes
	** Current memory allocated: 13864084 
   + EDITCOL 
      --rcdEditCol gsub('^0+','',POS) 
      --colEdit POS
	** Function evaluation time: 0 Minutes
	** Current memory allocated: 13864084 
   + LIFTOVER 
      --colInChr CHR 
      --colInPos POS 
      --fileLiftOver /genetics/UKB/Charge/1000G_p3v5.TOPMed_Imputed.add_UKB.Liftover_hg19to38.txt.gz 
      --blnCheckLift 1
Lifting positions ... 
LIFTOVER: 983 variants from GRACE_cIMT.maxLCF.OAD.W.noBMI.AMR.AL.20240903_tmp.txt.gz were lifted from Hg19 to Hg38. 25070 variants were removed due to unavailabilty in the liftover file.
	** Function evaluation time: 2.48 Minutes
	** Current memory allocated: 14023792 
   + EDITCOL 
      --rcdEditCol toupper(EFFECT_ALLELE) 
      --colEdit EFFECT_ALLELE
	** Function evaluation time: 0 Minutes
	** Current memory allocated: 13724752 
   + EDITCOL 
      --rcdEditCol toupper(NON_EFFECT_ALLELE) 
      --colEdit NON_EFFECT_ALLELE
	** Function evaluation time: 0 Minutes
	** Current memory allocated: 13724752 
   + CREATECPAID 
      --colInChr CHR 
      --colInPos POS 
      --colInEA EFFECT_ALLELE 
      --colInOA NON_EFFECT_ALLELE 
      --acolInFreq EAF 
      --acolInBeta BETA
	** Function evaluation time: 0 Minutes
	** Current memory allocated: 13724752 
   + WRITE 
      --strPrefix CLEANED 
      --strSuffix cpaid 
      --strMode gz
	** Function evaluation time: 0 Minutes
	** Current memory allocated: 13724752 
   + EVALSTAT 
      --colStat N
	** Function evaluation time: 0 Minutes
	** Current memory allocated: 13724752 
   + GC 
      --colPval PVAL 
      --blnSuppressCorrection 1
	** Function evaluation time: 0 Minutes
	** Current memory allocated: 13724752 
   + QQPLOT 
      --acolQQPlot PVAL 
      --astrColour black 
      --blnAddLambdaGC 1 
      --numPvalOffset 0.05 
      --strPlotName qq.SNP 
      --strMode subplot
	** Function evaluation time: 0 Minutes
	** Current memory allocated: 13724752 
   + RPLOT 
      --rcdRPlotX N_max 
      --rcdRPlotY Lambda.PVAL.GC 
      --arcdAdd2Plot abline(h=1,col='orange');abline(h=1.1,col='red') 
      --strAxes lim(0,NULL,0,NULL) 
      --strPlotName GC-PLOT
	** Function evaluation time: 0 Minutes
	** Current memory allocated: 13724752 
   + MERGE 
      --colInMarker cpaid 
      --fileRef /genetics/TopMed/Charge/1000G_EUR_p3v5.TOPMed_Imputed.Allele_Freq.hg38.txt.gz 
      --acolIn cpaid;AA1_Freq;R2 
      --acolInClasses character;numeric;numeric 
      --strRefSuffix .ref 
      --colRefMarker cpaid 
      --blnInAll 0 
      --blnRefAll 0 
      --blnWriteNotInRef 1
	** Function evaluation time: 0.51 Minutes
	** Current memory allocated: 14899592 
   + AFCHECK 
      --colInFreq EAF 
      --colRefFreq AA1_Freq.ref 
      --astrColour red;blue;purple 
      --blnPlotAll 0 
      --numLimOutlier 0.2
	** Function evaluation time: 0 Minutes
	** Current memory allocated: 13864084 
   + CALCULATE 
      --rcdCalc length(cpaid) 
      --strCalcName AFCHECK.Checked
	** Function evaluation time: 0 Minutes
	** Current memory allocated: 13864084 
   + RADDCOL 
      --rcdRAddCol AFCHECK.Checked-AFCHECK.numOutlier 
      --colROut AFok
	** Function evaluation time: 0 Minutes
	** Current memory allocated: 13864084 
   + RADDCOL 
      --rcdRAddCol AFCHECK.numOutlier 
      --colROut AFoutlier
	** Function evaluation time: 0 Minutes
	** Current memory allocated: 13864084 
   + BRPLOT 
      --acolBRPlot AFok;AFoutlier;NotInRef 
      --astrColour green;red;grey 
      --numParLas 1 
      --strPlotName BARPLOT.HighQualVar.AFchecks
	** Function evaluation time: 0 Minutes
	** Current memory allocated: 13864084 
   + PZPLOT 
      --colBeta BETA 
      --colSe SE 
      --colPval PVAL
	** Function evaluation time: 0 Minutes
	** Current memory allocated: 13864084 
** File processing time: 28.41 Minutes

+++++
Processing file: GRACE_cIMT.maxLCF.OAD.W.adjBMI.AMR.AL.20240903_tmp.txt.gz 
   + Reading  /genetics/ORIGIN/GRACE/Projects/2303_GRACE_cIMT_GWAS/Outputs/maxLCF/AMR/W/GRACE_cIMT.maxLCF.OAD.W.adjBMI.AMR.AL.20240903_tmp.txt.gz ... 
	** Data reading time: 1.17 Minutes
	** Current memory allocated: 17079652 
   + CLEAN 
      --rcdClean is.na(CHR) 
      --strCleanName numDrop.CHR.missing
	** Function evaluation time: 0 Minutes
	** Current memory allocated: 17335044 
   + CLEAN 
      --rcdClean is.na(POS) 
      --strCleanName numDrop.POS.missing
	** Function evaluation time: 0.01 Minutes
	** Current memory allocated: 15651828 
   + CLEAN 
      --rcdClean is.na(N) 
      --strCleanName numDrop.N.missing
	** Function evaluation time: 0.01 Minutes
	** Current memory allocated: 15651828 
   + CLEAN 
      --rcdClean is.na(BETA) 
      --strCleanName numDrop.BETA.missing
	** Function evaluation time: 0 Minutes
	** Current memory allocated: 15651828 
   + CLEAN 
      --rcdClean is.na(SE) 
      --strCleanName numDrop.SE.missing
	** Function evaluation time: 0 Minutes
	** Current memory allocated: 15651828 
   + CLEAN 
      --rcdClean is.na(PVAL) 
      --strCleanName numDrop.PVAL.missing
	** Function evaluation time: 0 Minutes
	** Current memory allocated: 15651828 
   + ADDCOL 
      --rcdAddCol signif((2*N0)+N1/(2*N),4) 
      --colOut EAF
	** Function evaluation time: 0.07 Minutes
	** Current memory allocated: 17439572 
   + CLEAN 
      --rcdClean EAF==0|EAF==1 
      --strCleanName numDrop.EAF.monomorph
	** Function evaluation time: 0.01 Minutes
	** Current memory allocated: 16034916 
   + CLEAN 
      --rcdClean is.na(EAF) 
      --strCleanName numDrop.EAF.missing
	** Function evaluation time: 0 Minutes
	** Current memory allocated: 15779524 
   + ADDCOL 
      --rcdAddCol signif(2*pmin(EAF,1-EAF)*N,4) 
      --colOut MAC_ALL
	** Function evaluation time: 0.07 Minutes
	** Current memory allocated: 17950356 
   + CLEAN 
      --rcdClean N<30 
      --strCleanName numDrop_Nlt30
	** Function evaluation time: 0.01 Minutes
	** Current memory allocated: 16034916 
   + CLEAN 
      --rcdClean MAC_ALL<=6 
      --strCleanName numDrop_MAClet6
	** Function evaluation time: 0.02 Minutes
	** Current memory allocated: 16416732 
   + CLEAN 
      --rcdClean EAF<0|EAF>1 
      --strCleanName numDrop.EAF.invalid
	** Function evaluation time: 0 Minutes
	** Current memory allocated: 13864084 
   + CLEAN 
      --rcdClean abs(BETA)==Inf 
      --strCleanName numDrop.BETA.inf
	** Function evaluation time: 0 Minutes
	** Current memory allocated: 13864084 
   + CLEAN 
      --rcdClean PVAL<0|PVAL>1 
      --strCleanName numDrop.invalid.P
	** Function evaluation time: 0 Minutes
	** Current memory allocated: 13864084 
   + CLEAN 
      --rcdClean SE<=0|SE==Inf 
      --strCleanName numDrop.invalid.SE
	** Function evaluation time: 0 Minutes
	** Current memory allocated: 13864084 
   + CLEAN 
      --rcdClean BETA<=0|BETA==Inf 
      --strCleanName numDrop.invalid.BETA
	** Function evaluation time: 0 Minutes
	** Current memory allocated: 13864084 
   + CLEAN 
      --rcdClean !CHR%in%c(1:22,NA) 
      --strCleanName numDropSNP_ChrXY 
      --blnWriteCleaned 1
	** Function evaluation time: 0 Minutes
	** Current memory allocated: 13864084 
   + EDITCOL 
      --rcdEditCol gsub('^0+','',CHR) 
      --colEdit CHR
	** Function evaluation time: 0 Minutes
	** Current memory allocated: 13864084 
   + EDITCOL 
      --rcdEditCol gsub('^0+','',POS) 
      --colEdit POS
	** Function evaluation time: 0 Minutes
	** Current memory allocated: 13864084 
   + LIFTOVER 
      --colInChr CHR 
      --colInPos POS 
      --fileLiftOver /genetics/UKB/Charge/1000G_p3v5.TOPMed_Imputed.add_UKB.Liftover_hg19to38.txt.gz 
      --blnCheckLift 1
Lifting positions ... 
LIFTOVER: 991 variants from GRACE_cIMT.maxLCF.OAD.W.adjBMI.AMR.AL.20240903_tmp.txt.gz were lifted from Hg19 to Hg38. 25196 variants were removed due to unavailabilty in the liftover file.
	** Function evaluation time: 2.49 Minutes
	** Current memory allocated: 14023792 
   + EDITCOL 
      --rcdEditCol toupper(EFFECT_ALLELE) 
      --colEdit EFFECT_ALLELE
	** Function evaluation time: 0 Minutes
	** Current memory allocated: 13724752 
   + EDITCOL 
      --rcdEditCol toupper(NON_EFFECT_ALLELE) 
      --colEdit NON_EFFECT_ALLELE
	** Function evaluation time: 0 Minutes
	** Current memory allocated: 13724752 
   + CREATECPAID 
      --colInChr CHR 
      --colInPos POS 
      --colInEA EFFECT_ALLELE 
      --colInOA NON_EFFECT_ALLELE 
      --acolInFreq EAF 
      --acolInBeta BETA
	** Function evaluation time: 0 Minutes
	** Current memory allocated: 13724752 
   + WRITE 
      --strPrefix CLEANED 
      --strSuffix cpaid 
      --strMode gz
	** Function evaluation time: 0 Minutes
	** Current memory allocated: 13724752 
   + EVALSTAT 
      --colStat N
	** Function evaluation time: 0 Minutes
	** Current memory allocated: 13724752 
   + GC 
      --colPval PVAL 
      --blnSuppressCorrection 1
	** Function evaluation time: 0.03 Minutes
	** Current memory allocated: 13724752 
   + QQPLOT 
      --acolQQPlot PVAL 
      --astrColour black 
      --blnAddLambdaGC 1 
      --numPvalOffset 0.05 
      --strPlotName qq.SNP 
      --strMode subplot
	** Function evaluation time: 0 Minutes
	** Current memory allocated: 13724752 
   + RPLOT 
      --rcdRPlotX N_max 
      --rcdRPlotY Lambda.PVAL.GC 
      --arcdAdd2Plot abline(h=1,col='orange');abline(h=1.1,col='red') 
      --strAxes lim(0,NULL,0,NULL) 
      --strPlotName GC-PLOT
	** Function evaluation time: 0 Minutes
	** Current memory allocated: 13724752 
   + MERGE 
      --colInMarker cpaid 
      --fileRef /genetics/TopMed/Charge/1000G_EUR_p3v5.TOPMed_Imputed.Allele_Freq.hg38.txt.gz 
      --acolIn cpaid;AA1_Freq;R2 
      --acolInClasses character;numeric;numeric 
      --strRefSuffix .ref 
      --colRefMarker cpaid 
      --blnInAll 0 
      --blnRefAll 0 
      --blnWriteNotInRef 1
	** Function evaluation time: 0.55 Minutes
	** Current memory allocated: 14899592 
   + AFCHECK 
      --colInFreq EAF 
      --colRefFreq AA1_Freq.ref 
      --astrColour red;blue;purple 
      --blnPlotAll 0 
      --numLimOutlier 0.2
	** Function evaluation time: 0 Minutes
	** Current memory allocated: 13864084 
   + CALCULATE 
      --rcdCalc length(cpaid) 
      --strCalcName AFCHECK.Checked
	** Function evaluation time: 0 Minutes
	** Current memory allocated: 13864084 
   + RADDCOL 
      --rcdRAddCol AFCHECK.Checked-AFCHECK.numOutlier 
      --colROut AFok
	** Function evaluation time: 0 Minutes
	** Current memory allocated: 13864084 
   + RADDCOL 
      --rcdRAddCol AFCHECK.numOutlier 
      --colROut AFoutlier
	** Function evaluation time: 0 Minutes
	** Current memory allocated: 13864084 
   + BRPLOT 
      --acolBRPlot AFok;AFoutlier;NotInRef 
      --astrColour green;red;grey 
      --numParLas 1 
      --strPlotName BARPLOT.HighQualVar.AFchecks
	** Function evaluation time: 0 Minutes
	** Current memory allocated: 13864084 
   + PZPLOT 
      --colBeta BETA 
      --colSe SE 
      --colPval PVAL
	** Function evaluation time: 0 Minutes
	** Current memory allocated: 13864084 
** File processing time: 35.96 Minutes

+++++
Processing file: GRACE_cIMT.maxLCF.OAD.M.noBMI.AMR.AL.20240903_tmp.txt.gz 
   + Reading  /genetics/ORIGIN/GRACE/Projects/2303_GRACE_cIMT_GWAS/Outputs/maxLCF/AMR/M/GRACE_cIMT.maxLCF.OAD.M.noBMI.AMR.AL.20240903_tmp.txt.gz ... 
	** Data reading time: 1.91 Minutes
	** Current memory allocated: 17081332 
   + CLEAN 
      --rcdClean is.na(CHR) 
      --strCleanName numDrop.CHR.missing
	** Function evaluation time: 0 Minutes
	** Current memory allocated: 17336804 
   + CLEAN 
      --rcdClean is.na(POS) 
      --strCleanName numDrop.POS.missing
	** Function evaluation time: 0.01 Minutes
	** Current memory allocated: 15652388 
   + CLEAN 
      --rcdClean is.na(N) 
      --strCleanName numDrop.N.missing
	** Function evaluation time: 0 Minutes
	** Current memory allocated: 15652388 
   + CLEAN 
      --rcdClean is.na(BETA) 
      --strCleanName numDrop.BETA.missing
	** Function evaluation time: 0 Minutes
	** Current memory allocated: 15652388 
   + CLEAN 
      --rcdClean is.na(SE) 
      --strCleanName numDrop.SE.missing
	** Function evaluation time: 0 Minutes
	** Current memory allocated: 15652388 
   + CLEAN 
      --rcdClean is.na(PVAL) 
      --strCleanName numDrop.PVAL.missing
	** Function evaluation time: 0.03 Minutes
	** Current memory allocated: 15652388 
   + ADDCOL 
      --rcdAddCol signif((2*N0)+N1/(2*N),4) 
      --colOut EAF
	** Function evaluation time: 0.07 Minutes
	** Current memory allocated: 17440692 
   + CLEAN 
      --rcdClean EAF==0|EAF==1 
      --strCleanName numDrop.EAF.monomorph
	** Function evaluation time: 0.01 Minutes
	** Current memory allocated: 16035596 
   + CLEAN 
      --rcdClean is.na(EAF) 
      --strCleanName numDrop.EAF.missing
	** Function evaluation time: 0.01 Minutes
	** Current memory allocated: 15780124 
   + ADDCOL 
      --rcdAddCol signif(2*pmin(EAF,1-EAF)*N,4) 
      --colOut MAC_ALL
	** Function evaluation time: 0.07 Minutes
	** Current memory allocated: 17951636 
   + CLEAN 
      --rcdClean N<30 
      --strCleanName numDrop_Nlt30
	** Function evaluation time: 0.01 Minutes
	** Current memory allocated: 16035596 
   + CLEAN 
      --rcdClean MAC_ALL<=6 
      --strCleanName numDrop_MAClet6
	** Function evaluation time: 0.09 Minutes
	** Current memory allocated: 16417532 
   + CLEAN 
      --rcdClean EAF<0|EAF>1 
      --strCleanName numDrop.EAF.invalid
	** Function evaluation time: 0 Minutes
	** Current memory allocated: 13864084 
   + CLEAN 
      --rcdClean abs(BETA)==Inf 
      --strCleanName numDrop.BETA.inf
	** Function evaluation time: 0 Minutes
	** Current memory allocated: 13864084 
   + CLEAN 
      --rcdClean PVAL<0|PVAL>1 
      --strCleanName numDrop.invalid.P
	** Function evaluation time: 0 Minutes
	** Current memory allocated: 13864084 
   + CLEAN 
      --rcdClean SE<=0|SE==Inf 
      --strCleanName numDrop.invalid.SE
	** Function evaluation time: 0 Minutes
	** Current memory allocated: 13864084 
   + CLEAN 
      --rcdClean BETA<=0|BETA==Inf 
      --strCleanName numDrop.invalid.BETA
	** Function evaluation time: 0 Minutes
	** Current memory allocated: 13864084 
   + CLEAN 
      --rcdClean !CHR%in%c(1:22,NA) 
      --strCleanName numDropSNP_ChrXY 
      --blnWriteCleaned 1
	** Function evaluation time: 0 Minutes
	** Current memory allocated: 13864084 
   + EDITCOL 
      --rcdEditCol gsub('^0+','',CHR) 
      --colEdit CHR
	** Function evaluation time: 0 Minutes
	** Current memory allocated: 13864084 
   + EDITCOL 
      --rcdEditCol gsub('^0+','',POS) 
      --colEdit POS
	** Function evaluation time: 0 Minutes
	** Current memory allocated: 13864084 
   + LIFTOVER 
      --colInChr CHR 
      --colInPos POS 
      --fileLiftOver /genetics/UKB/Charge/1000G_p3v5.TOPMed_Imputed.add_UKB.Liftover_hg19to38.txt.gz 
      --blnCheckLift 1
Lifting positions ... 
LIFTOVER: 983 variants from GRACE_cIMT.maxLCF.OAD.M.noBMI.AMR.AL.20240903_tmp.txt.gz were lifted from Hg19 to Hg38. 25070 variants were removed due to unavailabilty in the liftover file.
	** Function evaluation time: 2.44 Minutes
	** Current memory allocated: 14023792 
   + EDITCOL 
      --rcdEditCol toupper(EFFECT_ALLELE) 
      --colEdit EFFECT_ALLELE
	** Function evaluation time: 0.06 Minutes
	** Current memory allocated: 13724752 
   + EDITCOL 
      --rcdEditCol toupper(NON_EFFECT_ALLELE) 
      --colEdit NON_EFFECT_ALLELE
	** Function evaluation time: 0.02 Minutes
	** Current memory allocated: 13724752 
   + CREATECPAID 
      --colInChr CHR 
      --colInPos POS 
      --colInEA EFFECT_ALLELE 
      --colInOA NON_EFFECT_ALLELE 
      --acolInFreq EAF 
      --acolInBeta BETA
	** Function evaluation time: 0.05 Minutes
	** Current memory allocated: 13724752 
   + WRITE 
      --strPrefix CLEANED 
      --strSuffix cpaid 
      --strMode gz
	** Function evaluation time: 0.14 Minutes
	** Current memory allocated: 13724752 
   + EVALSTAT 
      --colStat N
	** Function evaluation time: 0.02 Minutes
	** Current memory allocated: 13724752 
   + GC 
      --colPval PVAL 
      --blnSuppressCorrection 1
	** Function evaluation time: 0.02 Minutes
	** Current memory allocated: 13724752 
   + QQPLOT 
      --acolQQPlot PVAL 
      --astrColour black 
      --blnAddLambdaGC 1 
      --numPvalOffset 0.05 
      --strPlotName qq.SNP 
      --strMode subplot
	** Function evaluation time: 0.53 Minutes
	** Current memory allocated: 13724752 
   + RPLOT 
      --rcdRPlotX N_max 
      --rcdRPlotY Lambda.PVAL.GC 
      --arcdAdd2Plot abline(h=1,col='orange');abline(h=1.1,col='red') 
      --strAxes lim(0,NULL,0,NULL) 
      --strPlotName GC-PLOT
	** Function evaluation time: 0 Minutes
	** Current memory allocated: 13724752 
   + MERGE 
      --colInMarker cpaid 
      --fileRef /genetics/TopMed/Charge/1000G_EUR_p3v5.TOPMed_Imputed.Allele_Freq.hg38.txt.gz 
      --acolIn cpaid;AA1_Freq;R2 
      --acolInClasses character;numeric;numeric 
      --strRefSuffix .ref 
      --colRefMarker cpaid 
      --blnInAll 0 
      --blnRefAll 0 
      --blnWriteNotInRef 1
	** Function evaluation time: 0.75 Minutes
	** Current memory allocated: 14899592 
   + AFCHECK 
      --colInFreq EAF 
      --colRefFreq AA1_Freq.ref 
      --astrColour red;blue;purple 
      --blnPlotAll 0 
      --numLimOutlier 0.2
	** Function evaluation time: 0.01 Minutes
	** Current memory allocated: 13864084 
   + CALCULATE 
      --rcdCalc length(cpaid) 
      --strCalcName AFCHECK.Checked
	** Function evaluation time: 0 Minutes
	** Current memory allocated: 13864084 
   + RADDCOL 
      --rcdRAddCol AFCHECK.Checked-AFCHECK.numOutlier 
      --colROut AFok
	** Function evaluation time: 0 Minutes
	** Current memory allocated: 13864084 
   + RADDCOL 
      --rcdRAddCol AFCHECK.numOutlier 
      --colROut AFoutlier
	** Function evaluation time: 0 Minutes
	** Current memory allocated: 13864084 
   + BRPLOT 
      --acolBRPlot AFok;AFoutlier;NotInRef 
      --astrColour green;red;grey 
      --numParLas 1 
      --strPlotName BARPLOT.HighQualVar.AFchecks
	** Function evaluation time: 0 Minutes
	** Current memory allocated: 13864084 
   + PZPLOT 
      --colBeta BETA 
      --colSe SE 
      --colPval PVAL
	** Function evaluation time: 0.01 Minutes
	** Current memory allocated: 13864084 
** File processing time: 51.19 Minutes

+++++
Processing file: GRACE_cIMT.maxLCF.OAD.M.adjBMI.AMR.AL.20240903_tmp.txt.gz 
   + Reading  /genetics/ORIGIN/GRACE/Projects/2303_GRACE_cIMT_GWAS/Outputs/maxLCF/AMR/M/GRACE_cIMT.maxLCF.OAD.M.adjBMI.AMR.AL.20240903_tmp.txt.gz ... 
	** Data reading time: 1.59 Minutes
	** Current memory allocated: 17079652 
   + CLEAN 
      --rcdClean is.na(CHR) 
      --strCleanName numDrop.CHR.missing
	** Function evaluation time: 0.01 Minutes
	** Current memory allocated: 17335044 
   + CLEAN 
      --rcdClean is.na(POS) 
      --strCleanName numDrop.POS.missing
	** Function evaluation time: 0 Minutes
	** Current memory allocated: 15651828 
   + CLEAN 
      --rcdClean is.na(N) 
      --strCleanName numDrop.N.missing
	** Function evaluation time: 0 Minutes
	** Current memory allocated: 15651828 
   + CLEAN 
      --rcdClean is.na(BETA) 
      --strCleanName numDrop.BETA.missing
	** Function evaluation time: 0 Minutes
