++++++++++++++++++++++++++++++++++++++++++++++++++++++++++++++
|       EasyQC2	   |     1.1.1.b5  |   01/September/2022  |
++++++++++++++++++++++++++++++++++++++++++++++++++++++++++++++
|  (C) 2013 Thomas Winkler, GNU General Public License, v3   |
++++++++++++++++++++++++++++++++++++++++++++++++++++++++++++++
|  For bug-report, please e-mail:                            |
|  thomas.winkler@klinik.uni-regensburg.de                   |
++++++++++++++++++++++++++++++++++++++++++++++++++++++++++++++

+++++
Starting Easy2: 2024-05-29 16:04:35 
Running script  /genetics/MixedStudies/Projects/2211_cIMT_GWAMA_PHRI/Scripts/EGG_cIMT_CHCP_maxRCF_QC_quant.ecf ...

+++++
Getting list of input files ...
Using:
   +  /genetics/MixedStudies/Projects/2211_cIMT_GWAMA_PHRI/Results/GWAS/CHCP/Raw/Modified/CP_cIMT.maxRCF.ADO.MEN.adjBMI.EUR.KL.230922.txt.gz 
   +  /genetics/MixedStudies/Projects/2211_cIMT_GWAMA_PHRI/Results/GWAS/CHCP/Raw/Modified/CP_cIMT.maxRCF.ADO.MEN.adjBMI.nonEUR.KL.230922.txt.gz 
   +  /genetics/MixedStudies/Projects/2211_cIMT_GWAMA_PHRI/Results/GWAS/CHCP/Raw/Modified/CP_cIMT.maxRCF.ADO.MEN.noBMI.EUR.KL.230922.txt.gz 
   +  /genetics/MixedStudies/Projects/2211_cIMT_GWAMA_PHRI/Results/GWAS/CHCP/Raw/Modified/CP_cIMT.maxRCF.ADO.MEN.noBMI.nonEUR.KL.230922.txt.gz 
   +  /genetics/MixedStudies/Projects/2211_cIMT_GWAMA_PHRI/Results/GWAS/CHCP/Raw/Modified/CP_cIMT.maxRCF.ADO.MW.adjBMI.EUR.KL.230922.txt.gz 
   +  /genetics/MixedStudies/Projects/2211_cIMT_GWAMA_PHRI/Results/GWAS/CHCP/Raw/Modified/CP_cIMT.maxRCF.ADO.MW.adjBMI.nonEUR.KL.230922.txt.gz 
   +  /genetics/MixedStudies/Projects/2211_cIMT_GWAMA_PHRI/Results/GWAS/CHCP/Raw/Modified/CP_cIMT.maxRCF.ADO.MW.noBMI.EUR.KL.230922.txt.gz 
   +  /genetics/MixedStudies/Projects/2211_cIMT_GWAMA_PHRI/Results/GWAS/CHCP/Raw/Modified/CP_cIMT.maxRCF.ADO.MW.noBMI.nonEUR.KL.230922.txt.gz 
   +  /genetics/MixedStudies/Projects/2211_cIMT_GWAMA_PHRI/Results/GWAS/CHCP/Raw/Modified/CP_cIMT.maxRCF.ADO.WOMEN.adjBMI.EUR.KL.230922.txt.gz 
   +  /genetics/MixedStudies/Projects/2211_cIMT_GWAMA_PHRI/Results/GWAS/CHCP/Raw/Modified/CP_cIMT.maxRCF.ADO.WOMEN.adjBMI.nonEUR.KL.230922.txt.gz 
   +  /genetics/MixedStudies/Projects/2211_cIMT_GWAMA_PHRI/Results/GWAS/CHCP/Raw/Modified/CP_cIMT.maxRCF.ADO.WOMEN.noBMI.EUR.KL.230922.txt.gz 
   +  /genetics/MixedStudies/Projects/2211_cIMT_GWAMA_PHRI/Results/GWAS/CHCP/Raw/Modified/CP_cIMT.maxRCF.ADO.WOMEN.noBMI.nonEUR.KL.230922.txt.gz 

+++++
Default output path is 
/genetics/MixedStudies/Projects/2211_cIMT_GWAMA_PHRI/Results/GWAS/CHCP/Cleaned/

+++++
Performing validity check on 10 rows from each file :

   +  CP_cIMT.maxRCF.ADO.MEN.adjBMI.EUR.KL.230922.txt.gz -> OK
   +  CP_cIMT.maxRCF.ADO.MEN.adjBMI.nonEUR.KL.230922.txt.gz -> EASY WARNING:
 1 rows are set to FALSE due to missing values in evaluation of numDrop.DF_ALL.20!!!!
OK
   +  CP_cIMT.maxRCF.ADO.MEN.noBMI.EUR.KL.230922.txt.gz -> OK
   +  CP_cIMT.maxRCF.ADO.MEN.noBMI.nonEUR.KL.230922.txt.gz -> EASY WARNING:
 1 rows are set to FALSE due to missing values in evaluation of numDrop.DF_ALL.20!!!!
OK
   +  CP_cIMT.maxRCF.ADO.MW.adjBMI.EUR.KL.230922.txt.gz -> OK
   +  CP_cIMT.maxRCF.ADO.MW.adjBMI.nonEUR.KL.230922.txt.gz -> EASY WARNING:
 1 rows are set to FALSE due to missing values in evaluation of numDrop.DF_ALL.20!!!!
OK
   +  CP_cIMT.maxRCF.ADO.MW.noBMI.EUR.KL.230922.txt.gz -> OK
   +  CP_cIMT.maxRCF.ADO.MW.noBMI.nonEUR.KL.230922.txt.gz -> EASY WARNING:
 1 rows are set to FALSE due to missing values in evaluation of numDrop.DF_ALL.20!!!!
OK
   +  CP_cIMT.maxRCF.ADO.WOMEN.adjBMI.EUR.KL.230922.txt.gz -> OK
   +  CP_cIMT.maxRCF.ADO.WOMEN.adjBMI.nonEUR.KL.230922.txt.gz -> EASY WARNING:
 1 rows are set to FALSE due to missing values in evaluation of numDrop.DF_ALL.20!!!!
OK
   +  CP_cIMT.maxRCF.ADO.WOMEN.noBMI.EUR.KL.230922.txt.gz -> OK
   +  CP_cIMT.maxRCF.ADO.WOMEN.noBMI.nonEUR.KL.230922.txt.gz -> EASY WARNING:
 1 rows are set to FALSE due to missing values in evaluation of numDrop.DF_ALL.20!!!!
OK
 Passed validity check!

+++++
Processing file: CP_cIMT.maxRCF.ADO.MEN.adjBMI.EUR.KL.230922.txt.gz 
   + Reading  /genetics/MixedStudies/Projects/2211_cIMT_GWAMA_PHRI/Results/GWAS/CHCP/Raw/Modified/CP_cIMT.maxRCF.ADO.MEN.adjBMI.EUR.KL.230922.txt.gz ... 
++++++++++++++++++++++++++++++++++++++++++++++++++++++++++++++
|       EasyQC2	   |     1.1.1.b5  |   01/September/2022  |
++++++++++++++++++++++++++++++++++++++++++++++++++++++++++++++
|  (C) 2013 Thomas Winkler, GNU General Public License, v3   |
++++++++++++++++++++++++++++++++++++++++++++++++++++++++++++++
|  For bug-report, please e-mail:                            |
|  thomas.winkler@klinik.uni-regensburg.de                   |
++++++++++++++++++++++++++++++++++++++++++++++++++++++++++++++

+++++
Starting Easy2: 2024-05-29 16:05:36 
Running script  /genetics/MixedStudies/Projects/2211_cIMT_GWAMA_PHRI/Scripts/EGG_cIMT_maxLCF_GenR_B1_QC_quant.ecf ...

+++++
Getting list of input files ...
Using:
Error in GWADATA.init(container.GWADATA[[i]]) : EASY ERROR:
 File 
/genetics/MixedStudies/Projects/2211_cIMT_GWAMA_PHRI/Results/GWAS/GenR/Batch1/Raw/Modified/EGG_cIMT.maxLCF.CLD.MEN.adjBMI.GenR.EUR.MMG.230912.gz
 does not exist!!!


[1] FALSE
++++++++++++++++++++++++++++++++++++++++++++++++++++++++++++++
|       EasyQC2	   |     1.1.1.b5  |   01/September/2022  |
++++++++++++++++++++++++++++++++++++++++++++++++++++++++++++++
|  (C) 2013 Thomas Winkler, GNU General Public License, v3   |
++++++++++++++++++++++++++++++++++++++++++++++++++++++++++++++
|  For bug-report, please e-mail:                            |
|  thomas.winkler@klinik.uni-regensburg.de                   |
++++++++++++++++++++++++++++++++++++++++++++++++++++++++++++++

+++++
Starting Easy2: 2024-05-29 16:06:34 
Running script  /genetics/MixedStudies/Projects/2211_cIMT_GWAMA_PHRI/Scripts/EGG_cIMT_maxLCF_GenR_B1_QC_quant.ecf ...

+++++
Getting list of input files ...
Using:
EASY READING:
 File contains 43 ## rows at the beginning that are skipped for reading and added back in for writing!Error in GWADATA.init(container.GWADATA[[i]]) : EASY ERROR:GWADATA
 Defined column 
HWE_P not available in file
/genetics/MixedStudies/Projects/2211_cIMT_GWAMA_PHRI/Results/GWAS/GenR/Batch1/Raw/Modified/EGG_cIMT.maxLCF.CLD.MEN.adjBMI.GenR.EUR.MMG.230912.gz
 Please check !!!

[1] FALSE
