++++++++++++++++++++++++++++++++++++++++++++++++++++++++++++++
|       EasyQC2	   |     1.1.1.b5  |   01/September/2022  |
++++++++++++++++++++++++++++++++++++++++++++++++++++++++++++++
|  (C) 2013 Thomas Winkler, GNU General Public License, v3   |
++++++++++++++++++++++++++++++++++++++++++++++++++++++++++++++
|  For bug-report, please e-mail:                            |
|  thomas.winkler@klinik.uni-regensburg.de                   |
++++++++++++++++++++++++++++++++++++++++++++++++++++++++++++++

+++++
Starting Easy2: 2024-06-12 14:26:17 
Running script  /genetics/MixedStudies/Projects/2211_cIMT_GWAMA_PHRI/Scripts/EasyQC2/FAMILY/EGG_cIMT_maxLCF_ADO_FAMILY_QC_quant.ecf ...

+++++
Getting list of input files ...
Using:
   +  /genetics/MixedStudies/Projects/2211_cIMT_GWAMA_PHRI/Results/GWAS/FAMILY/Raw/EGG_cIMT.maxIMT.ADO.MW.noBMI.EUR.AL.20240528.txt.gz 
   +  /genetics/MixedStudies/Projects/2211_cIMT_GWAMA_PHRI/Results/GWAS/FAMILY/Raw/EGG_cIMT.maxIMT.ADO.MW.adjBMI.EUR.AL.20240528.txt.gz 
   +  /genetics/MixedStudies/Projects/2211_cIMT_GWAMA_PHRI/Results/GWAS/FAMILY/Raw/EGG_cIMT.maxIMT.ADO.MEN.noBMI.EUR.AL.20240528.txt.gz 
   +  /genetics/MixedStudies/Projects/2211_cIMT_GWAMA_PHRI/Results/GWAS/FAMILY/Raw/EGG_cIMT.maxIMT.ADO.MEN.adjBMI.EUR.AL.20240528.txt.gz 
   +  /genetics/MixedStudies/Projects/2211_cIMT_GWAMA_PHRI/Results/GWAS/FAMILY/Raw/EGG_cIMT.maxIMT.ADO.WOMEN.noBMI.EUR.AL.20240528.txt.gz 
   +  /genetics/MixedStudies/Projects/2211_cIMT_GWAMA_PHRI/Results/GWAS/FAMILY/Raw/EGG_cIMT.maxIMT.ADO.WOMEN.adjBMI.EUR.AL.20240528.txt.gz 

+++++
Default output path is 
/genetics/MixedStudies/Projects/2211_cIMT_GWAMA_PHRI/Results/GWAS/FAMILY/Cleaned/

+++++
Performing validity check on 10 rows from each file :

   +  EGG_cIMT.maxIMT.ADO.MW.noBMI.EUR.AL.20240528.txt.gz -> OK
   +  EGG_cIMT.maxIMT.ADO.MW.adjBMI.EUR.AL.20240528.txt.gz -> OK
   +  EGG_cIMT.maxIMT.ADO.MEN.noBMI.EUR.AL.20240528.txt.gz -> OK
   +  EGG_cIMT.maxIMT.ADO.MEN.adjBMI.EUR.AL.20240528.txt.gz -> OK
   +  EGG_cIMT.maxIMT.ADO.WOMEN.noBMI.EUR.AL.20240528.txt.gz -> OK
   +  EGG_cIMT.maxIMT.ADO.WOMEN.adjBMI.EUR.AL.20240528.txt.gz -> OK
 Passed validity check!

+++++
Processing file: EGG_cIMT.maxIMT.ADO.MW.noBMI.EUR.AL.20240528.txt.gz 
   + Reading  /genetics/MixedStudies/Projects/2211_cIMT_GWAMA_PHRI/Results/GWAS/FAMILY/Raw/EGG_cIMT.maxIMT.ADO.MW.noBMI.EUR.AL.20240528.txt.gz ... 
	** Data reading time: 0.41 Minutes
	** Current memory allocated: 7185864 
   + CLEAN 
      --rcdClean is.na(CHR) 
      --strCleanName numDrop.CHR.missing
	** Function evaluation time: 0 Minutes
	** Current memory allocated: 7185864 
   + CLEAN 
      --rcdClean is.na(POS) 
      --strCleanName numDrop.POS.missing
	** Function evaluation time: 0 Minutes
	** Current memory allocated: 7185864 
   + CLEAN 
      --rcdClean is.na(N) 
      --strCleanName numDrop.N.missing
	** Function evaluation time: 0 Minutes
	** Current memory allocated: 7185864 
   + CLEAN 
      --rcdClean is.na(BETA) 
      --strCleanName numDrop.BETA.missing
	** Function evaluation time: 0 Minutes
	** Current memory allocated: 7185864 
   + CLEAN 
      --rcdClean is.na(SE) 
      --strCleanName numDrop.SE.missing
	** Function evaluation time: 0 Minutes
	** Current memory allocated: 7185864 
   + CLEAN 
      --rcdClean is.na(PVAL) 
      --strCleanName numDrop.PVAL.missing
	** Function evaluation time: 0 Minutes
	** Current memory allocated: 7185864 
   + CLEAN 
      --rcdClean is.na(EAF) 
      --strCleanName numDrop.EAF.missing
	** Function evaluation time: 0 Minutes
	** Current memory allocated: 7185864 
   + CLEAN 
      --rcdClean EAF==0|EAF==1 
      --strCleanName numDrop.EAF.monomorph
	** Function evaluation time: 0.01 Minutes
	** Current memory allocated: 7185864 
   + ADDCOL 
      --rcdAddCol signif(2*pmin(EAF,1-EAF)*N,4) 
      --colOut MAC_ALL
	** Function evaluation time: 0.07 Minutes
	** Current memory allocated: 7643244 
   + ADDCOL 
      --rcdAddCol signif(MAC_ALL*INFO,4) 
      --colOut DF_ALL
	** Function evaluation time: 0.05 Minutes
	** Current memory allocated: 7551768 
   + CLEAN 
      --rcdClean N<30 
      --strCleanName numDrop_Nlt30
	** Function evaluation time: 0 Minutes
	** Current memory allocated: 7094388 
   + CLEAN 
      --rcdClean MAC_ALL<=6 
      --strCleanName numDrop_MAClet6
	** Function evaluation time: 0.03 Minutes
	** Current memory allocated: 7094388 
   + CLEAN 
      --rcdClean EAF<0|EAF>1 
      --strCleanName numDrop.EAF.invalid
	** Function evaluation time: 0.01 Minutes
	** Current memory allocated: 5722248 
   + CLEAN 
      --rcdClean abs(BETA)==Inf 
      --strCleanName numDrop.BETA.inf
	** Function evaluation time: 0 Minutes
	** Current memory allocated: 5722248 
   + CLEAN 
      --rcdClean PVAL<0|PVAL>1 
      --strCleanName numDrop.invalid.P
	** Function evaluation time: 0.01 Minutes
	** Current memory allocated: 5722248 
   + CLEAN 
      --rcdClean SE<=0|SE==Inf 
      --strCleanName numDrop.invalid.SE
	** Function evaluation time: 0.01 Minutes
	** Current memory allocated: 5722248 
   + CLEAN 
      --rcdClean BETA<=0|BETA==Inf 
      --strCleanName numDrop.invalid.BETA
	** Function evaluation time: 0.02 Minutes
	** Current memory allocated: 5722248 
   + CLEAN 
      --rcdClean is.na(INFO_TYPE) 
      --strCleanName numDrop.MissingInformationType
	** Function evaluation time: 0.01 Minutes
	** Current memory allocated: 5722248 
   + CLEAN 
      --rcdClean INFO_TYPE==0&INFO<1 
      --strCleanName numDrop.Genotyped.LowInformation
	** Function evaluation time: 0 Minutes
	** Current memory allocated: 5722248 
   + CLEAN 
      --rcdClean (INFO_TYPE!= 0)&(is.na(INFO)) 
      --strCleanName numDrop.Imputed.MissingInformation
	** Function evaluation time: 0 Minutes
	** Current memory allocated: 5722248 
   + CLEAN 
      --rcdClean (INFO_TYPE!=0&INFO<0.3)|(INFO_TYPE==2&INFO<0.4)| (INFO_TYPE==3&INFO<0.8) 
      --strCleanName numDrop.LowInformation
	** Function evaluation time: 0.01 Minutes
	** Current memory allocated: 5722248 
   + CLEAN 
      --rcdClean !CHR%in%c(1:22,NA) 
      --strCleanName numDropSNP_ChrXY 
      --blnWriteCleaned 1
	** Function evaluation time: 0 Minutes
	** Current memory allocated: 5722248 
   + EDITCOL 
      --rcdEditCol gsub('^0+','',CHR) 
      --colEdit CHR
	** Function evaluation time: 0.01 Minutes
	** Current memory allocated: 5722248 
   + EDITCOL 
      --rcdEditCol gsub('^0+','',POS) 
      --colEdit POS
	** Function evaluation time: 0.13 Minutes
	** Current memory allocated: 5722248 
   + LIFTOVER 
      --colInChr CHR 
      --colInPos POS 
      --fileLiftOver /genetics/UKB/Charge/1000G_p3v5.TOPMed_Imputed.add_UKB.Liftover_hg19to38.txt.gz 
      --blnCheckLift 1
LIFTOVER: No variants will be lifted because 48.7 % of 1000 informative variants are already on build 38  comparerd to 0.3 % on build 37 in file /genetics/MixedStudies/Projects/2211_cIMT_GWAMA_PHRI/Results/GWAS/FAMILY/Raw/EGG_cIMT.maxIMT.ADO.MW.noBMI.EUR.AL.20240528.txt.gz  !!! 
	** Function evaluation time: 0.18 Minutes
	** Current memory allocated: 5722248 
   + EDITCOL 
      --rcdEditCol toupper(EFFECT_ALLELE) 
      --colEdit EFFECT_ALLELE
	** Function evaluation time: 0.02 Minutes
	** Current memory allocated: 5722248 
   + EDITCOL 
      --rcdEditCol toupper(NON_EFFECT_ALLELE) 
      --colEdit NON_EFFECT_ALLELE
	** Function evaluation time: 0.02 Minutes
	** Current memory allocated: 5722248 
   + CREATECPAID 
      --colInChr CHR 
      --colInPos POS 
      --colInEA EFFECT_ALLELE 
      --colInOA NON_EFFECT_ALLELE 
      --acolInFreq EAF 
      --acolInBeta BETA
	** Function evaluation time: 0.52 Minutes
	** Current memory allocated: 5722248 
   + CLEANDUPLICATES 
      --colInMarker cpaid 
      --strMode criterion 
      --colCrit INFO 
      --strCritDir max
	** Function evaluation time: 0.04 Minutes
	** Current memory allocated: 5722248 
   + WRITE 
      --strPrefix CLEANED 
      --strSuffix cpaid 
      --strMode gz
	** Function evaluation time: 0.06 Minutes
	** Current memory allocated: 5722248 
   + EVALSTAT 
      --colStat N
	** Function evaluation time: 0.1 Minutes
	** Current memory allocated: 5722248 
   + GC 
      --colPval PVAL 
      --blnSuppressCorrection 1
	** Function evaluation time: 0.16 Minutes
	** Current memory allocated: 5722248 
   + QQPLOT 
      --acolQQPlot PVAL 
      --astrColour black 
      --blnAddLambdaGC 1 
      --numPvalOffset 0.05 
      --strPlotName qq.SNP 
      --strMode subplot
	** Function evaluation time: 0.27 Minutes
	** Current memory allocated: 5722248 
   + RPLOT 
      --rcdRPlotX N_max 
      --rcdRPlotY Lambda.PVAL.GC 
      --arcdAdd2Plot abline(h=1,col='orange');abline(h=1.1,col='red') 
      --strAxes lim(0,NULL,0,NULL) 
      --strPlotName GC-PLOT
	** Function evaluation time: 0 Minutes
	** Current memory allocated: 5722248 
   + MERGE 
      --colInMarker cpaid 
      --fileRef /genetics/TopMed/Charge/1000G_EUR_p3v5.TOPMed_Imputed.Allele_Freq.hg38.txt.gz 
      --acolIn cpaid;AA1_Freq;R2 
      --acolInClasses character;numeric;numeric 
      --strRefSuffix .ref 
      --colRefMarker cpaid 
      --blnInAll 0 
      --blnRefAll 0 
      --blnWriteNotInRef 1
   + Reading  /genetics/TopMed/Charge/1000G_EUR_p3v5.TOPMed_Imputed.Allele_Freq.hg38.txt.gz ... 
	** Function evaluation time: 1.83 Minutes
	** Current memory allocated: 8317776 
   + AFCHECK 
      --colInFreq EAF 
      --colRefFreq AA1_Freq.ref 
      --arcdColourCrit R2.ref<0.3;INFO<0.3;INFO<0.3&R2.ref<0.3 
      --astrColour red;blue;purple 
      --blnPlotAll 0 
      --numLimOutlier 0.2
	** Function evaluation time: 0.02 Minutes
	** Current memory allocated: 7457788 
   + CALCULATE 
      --rcdCalc length(cpaid) 
      --strCalcName AFCHECK.Checked
	** Function evaluation time: 0 Minutes
	** Current memory allocated: 7457788 
   + RADDCOL 
      --rcdRAddCol AFCHECK.Checked-AFCHECK.numOutlier 
      --colROut AFok
	** Function evaluation time: 0 Minutes
	** Current memory allocated: 7457788 
   + RADDCOL 
      --rcdRAddCol AFCHECK.numOutlier 
      --colROut AFoutlier
	** Function evaluation time: 0 Minutes
	** Current memory allocated: 7457788 
   + BRPLOT 
      --acolBRPlot AFok;AFoutlier;NotInRef 
      --astrColour green;red;grey 
      --numParLas 1 
      --strPlotName BARPLOT.HighQualVar.AFchecks
	** Function evaluation time: 0 Minutes
	** Current memory allocated: 7457788 
   + PZPLOT 
      --colBeta BETA 
      --colSe SE 
      --colPval PVAL
	** Function evaluation time: 0.12 Minutes
	** Current memory allocated: 7457788 
** File processing time: 8.11 Minutes

+++++
Processing file: EGG_cIMT.maxIMT.ADO.MW.adjBMI.EUR.AL.20240528.txt.gz 
   + Reading  /genetics/MixedStudies/Projects/2211_cIMT_GWAMA_PHRI/Results/GWAS/FAMILY/Raw/EGG_cIMT.maxIMT.ADO.MW.adjBMI.EUR.AL.20240528.txt.gz ... 
	** Data reading time: 0.93 Minutes
	** Current memory allocated: 9209688 
   + CLEAN 
      --rcdClean is.na(CHR) 
      --strCleanName numDrop.CHR.missing
	** Function evaluation time: 0 Minutes
	** Current memory allocated: 9209688 
   + CLEAN 
      --rcdClean is.na(POS) 
      --strCleanName numDrop.POS.missing
	** Function evaluation time: 0 Minutes
	** Current memory allocated: 8397820 
   + CLEAN 
      --rcdClean is.na(N) 
      --strCleanName numDrop.N.missing
	** Function evaluation time: 0 Minutes
	** Current memory allocated: 8397820 
   + CLEAN 
      --rcdClean is.na(BETA) 
      --strCleanName numDrop.BETA.missing
	** Function evaluation time: 0 Minutes
	** Current memory allocated: 8397820 
   + CLEAN 
      --rcdClean is.na(SE) 
      --strCleanName numDrop.SE.missing
	** Function evaluation time: 0 Minutes
	** Current memory allocated: 8397820 
   + CLEAN 
      --rcdClean is.na(PVAL) 
      --strCleanName numDrop.PVAL.missing
	** Function evaluation time: 0 Minutes
	** Current memory allocated: 8397820 
   + CLEAN 
      --rcdClean is.na(EAF) 
      --strCleanName numDrop.EAF.missing
	** Function evaluation time: 0.01 Minutes
	** Current memory allocated: 8397820 
   + CLEAN 
      --rcdClean EAF==0|EAF==1 
      --strCleanName numDrop.EAF.monomorph
	** Function evaluation time: 0.01 Minutes
	** Current memory allocated: 8397820 
   + ADDCOL 
      --rcdAddCol signif(2*pmin(EAF,1-EAF)*N,4) 
      --colOut MAC_ALL
	** Function evaluation time: 0.06 Minutes
	** Current memory allocated: 9678484 
   + ADDCOL 
      --rcdAddCol signif(MAC_ALL*INFO,4) 
      --colOut DF_ALL
	** Function evaluation time: 0.07 Minutes
	** Current memory allocated: 9587008 
   + CLEAN 
      --rcdClean N<30 
      --strCleanName numDrop_Nlt30
	** Function evaluation time: 0 Minutes
	** Current memory allocated: 8306344 
   + CLEAN 
      --rcdClean MAC_ALL<=6 
      --strCleanName numDrop_MAClet6
	** Function evaluation time: 0.03 Minutes
	** Current memory allocated: 9111496 
   + CLEAN 
      --rcdClean EAF<0|EAF>1 
      --strCleanName numDrop.EAF.invalid
	** Function evaluation time: 0.01 Minutes
	** Current memory allocated: 7830832 
   + CLEAN 
      --rcdClean abs(BETA)==Inf 
      --strCleanName numDrop.BETA.inf
	** Function evaluation time: 0 Minutes
	** Current memory allocated: 7830832 
   + CLEAN 
      --rcdClean PVAL<0|PVAL>1 
      --strCleanName numDrop.invalid.P
	** Function evaluation time: 0.01 Minutes
	** Current memory allocated: 7830832 
   + CLEAN 
      --rcdClean SE<=0|SE==Inf 
      --strCleanName numDrop.invalid.SE
	** Function evaluation time: 0.01 Minutes
	** Current memory allocated: 7830832 
   + CLEAN 
      --rcdClean BETA<=0|BETA==Inf 
      --strCleanName numDrop.invalid.BETA
	** Function evaluation time: 0.02 Minutes
	** Current memory allocated: 7929556 
   + CLEAN 
      --rcdClean is.na(INFO_TYPE) 
      --strCleanName numDrop.MissingInformationType
	** Function evaluation time: 0.01 Minutes
	** Current memory allocated: 7124404 
   + CLEAN 
      --rcdClean INFO_TYPE==0&INFO<1 
      --strCleanName numDrop.Genotyped.LowInformation
	** Function evaluation time: 0 Minutes
	** Current memory allocated: 7025680 
   + CLEAN 
      --rcdClean (INFO_TYPE!= 0)&(is.na(INFO)) 
      --strCleanName numDrop.Imputed.MissingInformation
	** Function evaluation time: 0 Minutes
	** Current memory allocated: 7025680 
   + CLEAN 
      --rcdClean (INFO_TYPE!=0&INFO<0.3)|(INFO_TYPE==2&INFO<0.4)| (INFO_TYPE==3&INFO<0.8) 
      --strCleanName numDrop.LowInformation
	** Function evaluation time: 0.01 Minutes
	** Current memory allocated: 7025680 
   + CLEAN 
      --rcdClean !CHR%in%c(1:22,NA) 
      --strCleanName numDropSNP_ChrXY 
      --blnWriteCleaned 1
	** Function evaluation time: 0.01 Minutes
	** Current memory allocated: 7025680 
   + EDITCOL 
      --rcdEditCol gsub('^0+','',CHR) 
      --colEdit CHR
	** Function evaluation time: 0.03 Minutes
	** Current memory allocated: 7025680 
   + EDITCOL 
      --rcdEditCol gsub('^0+','',POS) 
      --colEdit POS
	** Function evaluation time: 0.19 Minutes
	** Current memory allocated: 7025680 
   + LIFTOVER 
      --colInChr CHR 
      --colInPos POS 
      --fileLiftOver /genetics/UKB/Charge/1000G_p3v5.TOPMed_Imputed.add_UKB.Liftover_hg19to38.txt.gz 
      --blnCheckLift 1
LIFTOVER: No variants will be lifted because 48.7 % of 1000 informative variants are already on build 38  comparerd to 0.3 % on build 37 in file /genetics/MixedStudies/Projects/2211_cIMT_GWAMA_PHRI/Results/GWAS/FAMILY/Raw/EGG_cIMT.maxIMT.ADO.MW.adjBMI.EUR.AL.20240528.txt.gz  !!! 
	** Function evaluation time: 0.22 Minutes
	** Current memory allocated: 7025680 
   + EDITCOL 
      --rcdEditCol toupper(EFFECT_ALLELE) 
      --colEdit EFFECT_ALLELE
	** Function evaluation time: 0.03 Minutes
	** Current memory allocated: 7025680 
   + EDITCOL 
      --rcdEditCol toupper(NON_EFFECT_ALLELE) 
      --colEdit NON_EFFECT_ALLELE
	** Function evaluation time: 0.03 Minutes
	** Current memory allocated: 7025680 
   + CREATECPAID 
      --colInChr CHR 
      --colInPos POS 
      --colInEA EFFECT_ALLELE 
      --colInOA NON_EFFECT_ALLELE 
      --acolInFreq EAF 
      --acolInBeta BETA
	** Function evaluation time: 0.31 Minutes
	** Current memory allocated: 7569040 
   + CLEANDUPLICATES 
      --colInMarker cpaid 
      --strMode criterion 
      --colCrit INFO 
      --strCritDir max
	** Function evaluation time: 0.06 Minutes
	** Current memory allocated: 7569040 
   + WRITE 
      --strPrefix CLEANED 
      --strSuffix cpaid 
      --strMode gz
Written 40.4% of 4091185 rows in 2 secs using 24 threads. maxBuffUsed=10%. ETA 3 secs.      Written 73.1% of 4091185 rows in 3 secs using 24 threads. maxBuffUsed=10%. ETA 1 secs.                                                                                                                                           	** Function evaluation time: 0.07 Minutes
	** Current memory allocated: 7089604 
   + EVALSTAT 
      --colStat N
	** Function evaluation time: 0.15 Minutes
	** Current memory allocated: 7089604 
   + GC 
      --colPval PVAL 
      --blnSuppressCorrection 1
	** Function evaluation time: 0.19 Minutes
	** Current memory allocated: 7089604 
   + QQPLOT 
      --acolQQPlot PVAL 
      --astrColour black 
      --blnAddLambdaGC 1 
      --numPvalOffset 0.05 
      --strPlotName qq.SNP 
      --strMode subplot
	** Function evaluation time: 0.36 Minutes
	** Current memory allocated: 7744836 
   + RPLOT 
      --rcdRPlotX N_max 
      --rcdRPlotY Lambda.PVAL.GC 
      --arcdAdd2Plot abline(h=1,col='orange');abline(h=1.1,col='red') 
      --strAxes lim(0,NULL,0,NULL) 
      --strPlotName GC-PLOT
	** Function evaluation time: 0 Minutes
	** Current memory allocated: 7025680 
   + MERGE 
      --colInMarker cpaid 
      --fileRef /genetics/TopMed/Charge/1000G_EUR_p3v5.TOPMed_Imputed.Allele_Freq.hg38.txt.gz 
      --acolIn cpaid;AA1_Freq;R2 
      --acolInClasses character;numeric;numeric 
      --strRefSuffix .ref 
      --colRefMarker cpaid 
      --blnInAll 0 
      --blnRefAll 0 
      --blnWriteNotInRef 1
	** Function evaluation time: 1.36 Minutes
	** Current memory allocated: 8303228 
   + AFCHECK 
      --colInFreq EAF 
      --colRefFreq AA1_Freq.ref 
      --arcdColourCrit R2.ref<0.3;INFO<0.3;INFO<0.3&R2.ref<0.3 
      --astrColour red;blue;purple 
      --blnPlotAll 0 
      --numLimOutlier 0.2
	** Function evaluation time: 0.03 Minutes
	** Current memory allocated: 7784920 
   + CALCULATE 
      --rcdCalc length(cpaid) 
      --strCalcName AFCHECK.Checked
	** Function evaluation time: 0 Minutes
	** Current memory allocated: 7784920 
   + RADDCOL 
      --rcdRAddCol AFCHECK.Checked-AFCHECK.numOutlier 
      --colROut AFok
	** Function evaluation time: 0 Minutes
	** Current memory allocated: 7784920 
   + RADDCOL 
      --rcdRAddCol AFCHECK.numOutlier 
      --colROut AFoutlier
	** Function evaluation time: 0 Minutes
	** Current memory allocated: 7784920 
   + BRPLOT 
      --acolBRPlot AFok;AFoutlier;NotInRef 
      --astrColour green;red;grey 
      --numParLas 1 
      --strPlotName BARPLOT.HighQualVar.AFchecks
	** Function evaluation time: 0 Minutes
	** Current memory allocated: 7784920 
   + PZPLOT 
      --colBeta BETA 
      --colSe SE 
      --colPval PVAL
	** Function evaluation time: 0.15 Minutes
	** Current memory allocated: 7784920 
** File processing time: 13.04 Minutes

+++++
Processing file: EGG_cIMT.maxIMT.ADO.MEN.noBMI.EUR.AL.20240528.txt.gz 
   + Reading  /genetics/MixedStudies/Projects/2211_cIMT_GWAMA_PHRI/Results/GWAS/FAMILY/Raw/EGG_cIMT.maxIMT.ADO.MEN.noBMI.EUR.AL.20240528.txt.gz ... 
	** Data reading time: 0.45 Minutes
	** Current memory allocated: 9767584 
   + CLEAN 
      --rcdClean is.na(CHR) 
      --strCleanName numDrop.CHR.missing
	** Function evaluation time: 0 Minutes
	** Current memory allocated: 9767584 
   + CLEAN 
      --rcdClean is.na(POS) 
      --strCleanName numDrop.POS.missing
	** Function evaluation time: 0.01 Minutes
	** Current memory allocated: 8430976 
   + CLEAN 
      --rcdClean is.na(N) 
      --strCleanName numDrop.N.missing
	** Function evaluation time: 0 Minutes
	** Current memory allocated: 8430976 
   + CLEAN 
      --rcdClean is.na(BETA) 
      --strCleanName numDrop.BETA.missing
	** Function evaluation time: 0 Minutes
	** Current memory allocated: 8430976 
   + CLEAN 
      --rcdClean is.na(SE) 
      --strCleanName numDrop.SE.missing
	** Function evaluation time: 0 Minutes
	** Current memory allocated: 8430976 
   + CLEAN 
      --rcdClean is.na(PVAL) 
      --strCleanName numDrop.PVAL.missing
	** Function evaluation time: 0 Minutes
	** Current memory allocated: 8430976 
   + CLEAN 
      --rcdClean is.na(EAF) 
      --strCleanName numDrop.EAF.missing
	** Function evaluation time: 0 Minutes
	** Current memory allocated: 8430976 
   + CLEAN 
      --rcdClean EAF==0|EAF==1 
      --strCleanName numDrop.EAF.monomorph
	** Function evaluation time: 0.01 Minutes
	** Current memory allocated: 8430976 
   + ADDCOL 
      --rcdAddCol signif(2*pmin(EAF,1-EAF)*N,4) 
      --colOut MAC_ALL
	** Function evaluation time: 0.06 Minutes
	** Current memory allocated: 9367840 
   + ADDCOL 
      --rcdAddCol signif(MAC_ALL*INFO,4) 
      --colOut DF_ALL
	** Function evaluation time: 0.05 Minutes
	** Current memory allocated: 9289768 
   + CLEAN 
      --rcdClean N<30 
      --strCleanName numDrop_Nlt30
	** Function evaluation time: 0 Minutes
	** Current memory allocated: 8352904 
   + CLEAN 
      --rcdClean MAC_ALL<=6 
      --strCleanName numDrop_MAClet6
	** Function evaluation time: 0.03 Minutes
	** Current memory allocated: 8815944 
   + CLEAN 
      --rcdClean EAF<0|EAF>1 
      --strCleanName numDrop.EAF.invalid
	** Function evaluation time: 0.01 Minutes
	** Current memory allocated: 7488720 
   + CLEAN 
      --rcdClean abs(BETA)==Inf 
      --strCleanName numDrop.BETA.inf
	** Function evaluation time: 0 Minutes
	** Current memory allocated: 7488720 
   + CLEAN 
      --rcdClean PVAL<0|PVAL>1 
      --strCleanName numDrop.invalid.P
	** Function evaluation time: 0.01 Minutes
	** Current memory allocated: 7488720 
   + CLEAN 
      --rcdClean SE<=0|SE==Inf 
      --strCleanName numDrop.invalid.SE
	** Function evaluation time: 0.01 Minutes
	** Current memory allocated: 7488720 
   + CLEAN 
      --rcdClean BETA<=0|BETA==Inf 
      --strCleanName numDrop.invalid.BETA
	** Function evaluation time: 0.03 Minutes
	** Current memory allocated: 7658880 
   + CLEAN 
      --rcdClean is.na(INFO_TYPE) 
      --strCleanName numDrop.MissingInformationType
	** Function evaluation time: 0.01 Minutes
	** Current memory allocated: 7195840 
   + CLEAN 
      --rcdClean INFO_TYPE==0&INFO<1 
      --strCleanName numDrop.Genotyped.LowInformation
	** Function evaluation time: 0 Minutes
	** Current memory allocated: 7025680 
   + CLEAN 
      --rcdClean (INFO_TYPE!= 0)&(is.na(INFO)) 
      --strCleanName numDrop.Imputed.MissingInformation
	** Function evaluation time: 0 Minutes
	** Current memory allocated: 7025680 
   + CLEAN 
      --rcdClean (INFO_TYPE!=0&INFO<0.3)|(INFO_TYPE==2&INFO<0.4)| (INFO_TYPE==3&INFO<0.8) 
      --strCleanName numDrop.LowInformation
	** Function evaluation time: 0.01 Minutes
	** Current memory allocated: 7025680 
   + CLEAN 
      --rcdClean !CHR%in%c(1:22,NA) 
      --strCleanName numDropSNP_ChrXY 
      --blnWriteCleaned 1
	** Function evaluation time: 0 Minutes
	** Current memory allocated: 7025680 
   + EDITCOL 
      --rcdEditCol gsub('^0+','',CHR) 
      --colEdit CHR
	** Function evaluation time: 0.02 Minutes
	** Current memory allocated: 7025680 
   + EDITCOL 
      --rcdEditCol gsub('^0+','',POS) 
      --colEdit POS
	** Function evaluation time: 0.18 Minutes
	** Current memory allocated: 7025680 
   + LIFTOVER 
      --colInChr CHR 
      --colInPos POS 
      --fileLiftOver /genetics/UKB/Charge/1000G_p3v5.TOPMed_Imputed.add_UKB.Liftover_hg19to38.txt.gz 
      --blnCheckLift 1
LIFTOVER: No variants will be lifted because 47.7 % of 1000 informative variants are already on build 38  comparerd to 0.2 % on build 37 in file /genetics/MixedStudies/Projects/2211_cIMT_GWAMA_PHRI/Results/GWAS/FAMILY/Raw/EGG_cIMT.maxIMT.ADO.MEN.noBMI.EUR.AL.20240528.txt.gz  !!! 
	** Function evaluation time: 0.16 Minutes
	** Current memory allocated: 7025680 
   + EDITCOL 
      --rcdEditCol toupper(EFFECT_ALLELE) 
      --colEdit EFFECT_ALLELE
	** Function evaluation time: 0.02 Minutes
	** Current memory allocated: 7025680 
   + EDITCOL 
      --rcdEditCol toupper(NON_EFFECT_ALLELE) 
      --colEdit NON_EFFECT_ALLELE
	** Function evaluation time: 0.01 Minutes
	** Current memory allocated: 7025680 
   + CREATECPAID 
      --colInChr CHR 
      --colInPos POS 
      --colInEA EFFECT_ALLELE 
      --colInOA NON_EFFECT_ALLELE 
      --acolInFreq EAF 
      --acolInBeta BETA
	** Function evaluation time: 0.23 Minutes
	** Current memory allocated: 7354984 
   + CLEANDUPLICATES 
      --colInMarker cpaid 
      --strMode criterion 
      --colCrit INFO 
      --strCritDir max
	** Function evaluation time: 0.03 Minutes
	** Current memory allocated: 7354984 
   + WRITE 
      --strPrefix CLEANED 
      --strSuffix cpaid 
      --strMode gz
	** Function evaluation time: 0.05 Minutes
	** Current memory allocated: 7025680 
   + EVALSTAT 
      --colStat N
	** Function evaluation time: 0.1 Minutes
	** Current memory allocated: 7025680 
   + GC 
      --colPval PVAL 
      --blnSuppressCorrection 1
	** Function evaluation time: 0.14 Minutes
	** Current memory allocated: 7025680 
   + QQPLOT 
      --acolQQPlot PVAL 
      --astrColour black 
      --blnAddLambdaGC 1 
      --numPvalOffset 0.05 
      --strPlotName qq.SNP 
      --strMode subplot
	** Function evaluation time: 0.24 Minutes
	** Current memory allocated: 7533356 
   + RPLOT 
      --rcdRPlotX N_max 
      --rcdRPlotY Lambda.PVAL.GC 
      --arcdAdd2Plot abline(h=1,col='orange');abline(h=1.1,col='red') 
      --strAxes lim(0,NULL,0,NULL) 
      --strPlotName GC-PLOT
	** Function evaluation time: 0 Minutes
	** Current memory allocated: 7025680 
   + MERGE 
      --colInMarker cpaid 
      --fileRef /genetics/TopMed/Charge/1000G_EUR_p3v5.TOPMed_Imputed.Allele_Freq.hg38.txt.gz 
      --acolIn cpaid;AA1_Freq;R2 
      --acolInClasses character;numeric;numeric 
      --strRefSuffix .ref 
      --colRefMarker cpaid 
      --blnInAll 0 
      --blnRefAll 0 
      --blnWriteNotInRef 1
	** Function evaluation time: 1 Minutes
	** Current memory allocated: 8163980 
   + AFCHECK 
      --colInFreq EAF 
      --colRefFreq AA1_Freq.ref 
      --arcdColourCrit R2.ref<0.3;INFO<0.3;INFO<0.3&R2.ref<0.3 
      --astrColour red;blue;purple 
      --blnPlotAll 0 
      --numLimOutlier 0.2
	** Function evaluation time: 0.02 Minutes
	** Current memory allocated: 7643432 
   + CALCULATE 
      --rcdCalc length(cpaid) 
      --strCalcName AFCHECK.Checked
	** Function evaluation time: 0 Minutes
	** Current memory allocated: 7643432 
   + RADDCOL 
      --rcdRAddCol AFCHECK.Checked-AFCHECK.numOutlier 
      --colROut AFok
	** Function evaluation time: 0 Minutes
	** Current memory allocated: 7643432 
   + RADDCOL 
      --rcdRAddCol AFCHECK.numOutlier 
      --colROut AFoutlier
	** Function evaluation time: 0 Minutes
	** Current memory allocated: 7643432 
   + BRPLOT 
      --acolBRPlot AFok;AFoutlier;NotInRef 
      --astrColour green;red;grey 
      --numParLas 1 
      --strPlotName BARPLOT.HighQualVar.AFchecks
	** Function evaluation time: 0 Minutes
	** Current memory allocated: 7643432 
   + PZPLOT 
      --colBeta BETA 
      --colSe SE 
      --colPval PVAL
	** Function evaluation time: 0.1 Minutes
	** Current memory allocated: 7643432 
** File processing time: 10.73 Minutes

+++++
Processing file: EGG_cIMT.maxIMT.ADO.MEN.adjBMI.EUR.AL.20240528.txt.gz 
   + Reading  /genetics/MixedStudies/Projects/2211_cIMT_GWAMA_PHRI/Results/GWAS/FAMILY/Raw/EGG_cIMT.maxIMT.ADO.MEN.adjBMI.EUR.AL.20240528.txt.gz ... 
	** Data reading time: 0.33 Minutes
	** Current memory allocated: 9625856 
   + CLEAN 
      --rcdClean is.na(CHR) 
      --strCleanName numDrop.CHR.missing
	** Function evaluation time: 0 Minutes
	** Current memory allocated: 9625856 
   + CLEAN 
      --rcdClean is.na(POS) 
      --strCleanName numDrop.POS.missing
	** Function evaluation time: 0 Minutes
	** Current memory allocated: 8554116 
   + CLEAN 
      --rcdClean is.na(N) 
      --strCleanName numDrop.N.missing
	** Function evaluation time: 0 Minutes
	** Current memory allocated: 8554116 
   + CLEAN 
      --rcdClean is.na(BETA) 
      --strCleanName numDrop.BETA.missing
	** Function evaluation time: 0 Minutes
	** Current memory allocated: 8554116 
   + CLEAN 
      --rcdClean is.na(SE) 
      --strCleanName numDrop.SE.missing
	** Function evaluation time: 0 Minutes
	** Current memory allocated: 8554116 
   + CLEAN 
      --rcdClean is.na(PVAL) 
      --strCleanName numDrop.PVAL.missing
	** Function evaluation time: 0 Minutes
	** Current memory allocated: 8554116 
   + CLEAN 
      --rcdClean is.na(EAF) 
      --strCleanName numDrop.EAF.missing
	** Function evaluation time: 0 Minutes
	** Current memory allocated: 8554116 
   + CLEAN 
      --rcdClean EAF==0|EAF==1 
      --strCleanName numDrop.EAF.monomorph
	** Function evaluation time: 0.01 Minutes
	** Current memory allocated: 8554116 
   + ADDCOL 
      --rcdAddCol signif(2*pmin(EAF,1-EAF)*N,4) 
      --colOut MAC_ALL
	** Function evaluation time: 0.05 Minutes
	** Current memory allocated: 9412908 
   + ADDCOL 
      --rcdAddCol signif(MAC_ALL*INFO,4) 
      --colOut DF_ALL
	** Function evaluation time: 0.04 Minutes
	** Current memory allocated: 9334836 
   + CLEAN 
      --rcdClean N<30 
      --strCleanName numDrop_Nlt30
	** Function evaluation time: 0 Minutes
	** Current memory allocated: 8476044 
   + CLEAN 
      --rcdClean MAC_ALL<=6 
      --strCleanName numDrop_MAClet6
	** Function evaluation time: 0.03 Minutes
	** Current memory allocated: 8881204 
   + CLEAN 
      --rcdClean EAF<0|EAF>1 
      --strCleanName numDrop.EAF.invalid
	** Function evaluation time: 0 Minutes
	** Current memory allocated: 7553980 
   + CLEAN 
      --rcdClean abs(BETA)==Inf 
      --strCleanName numDrop.BETA.inf
	** Function evaluation time: 0 Minutes
	** Current memory allocated: 7553980 
   + CLEAN 
      --rcdClean PVAL<0|PVAL>1 
      --strCleanName numDrop.invalid.P
	** Function evaluation time: 0.01 Minutes
	** Current memory allocated: 7553980 
   + CLEAN 
      --rcdClean SE<=0|SE==Inf 
      --strCleanName numDrop.invalid.SE
	** Function evaluation time: 0.01 Minutes
	** Current memory allocated: 7553980 
   + CLEAN 
      --rcdClean BETA<=0|BETA==Inf 
      --strCleanName numDrop.invalid.BETA
	** Function evaluation time: 0.02 Minutes
	** Current memory allocated: 7696804 
   + CLEAN 
      --rcdClean is.na(INFO_TYPE) 
      --strCleanName numDrop.MissingInformationType
	** Function evaluation time: 0.01 Minutes
	** Current memory allocated: 7291644 
   + CLEAN 
      --rcdClean INFO_TYPE==0&INFO<1 
      --strCleanName numDrop.Genotyped.LowInformation
	** Function evaluation time: 0 Minutes
	** Current memory allocated: 7121436 
   + CLEAN 
      --rcdClean (INFO_TYPE!= 0)&(is.na(INFO)) 
      --strCleanName numDrop.Imputed.MissingInformation
	** Function evaluation time: 0 Minutes
	** Current memory allocated: 7121436 
   + CLEAN 
      --rcdClean (INFO_TYPE!=0&INFO<0.3)|(INFO_TYPE==2&INFO<0.4)| (INFO_TYPE==3&INFO<0.8) 
      --strCleanName numDrop.LowInformation
	** Function evaluation time: 0.02 Minutes
	** Current memory allocated: 7121436 
   + CLEAN 
      --rcdClean !CHR%in%c(1:22,NA) 
      --strCleanName numDropSNP_ChrXY 
      --blnWriteCleaned 1
	** Function evaluation time: 0 Minutes
	** Current memory allocated: 7121436 
   + EDITCOL 
      --rcdEditCol gsub('^0+','',CHR) 
      --colEdit CHR
	** Function evaluation time: 0.03 Minutes
	** Current memory allocated: 7121436 
   + EDITCOL 
      --rcdEditCol gsub('^0+','',POS) 
      --colEdit POS
	** Function evaluation time: 0.14 Minutes
	** Current memory allocated: 7121436 
   + LIFTOVER 
      --colInChr CHR 
      --colInPos POS 
      --fileLiftOver /genetics/UKB/Charge/1000G_p3v5.TOPMed_Imputed.add_UKB.Liftover_hg19to38.txt.gz 
      --blnCheckLift 1
LIFTOVER: No variants will be lifted because 47.6 % of 1000 informative variants are already on build 38  comparerd to 0.2 % on build 37 in file /genetics/MixedStudies/Projects/2211_cIMT_GWAMA_PHRI/Results/GWAS/FAMILY/Raw/EGG_cIMT.maxIMT.ADO.MEN.adjBMI.EUR.AL.20240528.txt.gz  !!! 
	** Function evaluation time: 0.12 Minutes
	** Current memory allocated: 7121436 
   + EDITCOL 
      --rcdEditCol toupper(EFFECT_ALLELE) 
      --colEdit EFFECT_ALLELE
	** Function evaluation time: 0.01 Minutes
	** Current memory allocated: 7121436 
   + EDITCOL 
      --rcdEditCol toupper(NON_EFFECT_ALLELE) 
      --colEdit NON_EFFECT_ALLELE
	** Function evaluation time: 0.02 Minutes
	** Current memory allocated: 7121436 
   + CREATECPAID 
      --colInChr CHR 
      --colInPos POS 
      --colInEA EFFECT_ALLELE 
      --colInOA NON_EFFECT_ALLELE 
      --acolInFreq EAF 
      --acolInBeta BETA
	** Function evaluation time: 0.21 Minutes
	** Current memory allocated: 7368476 
   + CLEANDUPLICATES 
      --colInMarker cpaid 
      --strMode criterion 
      --colCrit INFO 
      --strCritDir max
	** Function evaluation time: 0.04 Minutes
	** Current memory allocated: 7368476 
   + WRITE 
      --strPrefix CLEANED 
      --strSuffix cpaid 
      --strMode gz
	** Function evaluation time: 0.06 Minutes
	** Current memory allocated: 7121436 
   + EVALSTAT 
      --colStat N
	** Function evaluation time: 0.11 Minutes
	** Current memory allocated: 7121436 
   + GC 
      --colPval PVAL 
      --blnSuppressCorrection 1
	** Function evaluation time: 0.14 Minutes
	** Current memory allocated: 7121436 
   + QQPLOT 
      --acolQQPlot PVAL 
      --astrColour black 
      --blnAddLambdaGC 1 
      --numPvalOffset 0.05 
      --strPlotName qq.SNP 
      --strMode subplot
	** Function evaluation time: 0.25 Minutes
	** Current memory allocated: 7588068 
   + RPLOT 
      --rcdRPlotX N_max 
      --rcdRPlotY Lambda.PVAL.GC 
      --arcdAdd2Plot abline(h=1,col='orange');abline(h=1.1,col='red') 
      --strAxes lim(0,NULL,0,NULL) 
      --strPlotName GC-PLOT
	** Function evaluation time: 0 Minutes
	** Current memory allocated: 7121436 
   + MERGE 
      --colInMarker cpaid 
      --fileRef /genetics/TopMed/Charge/1000G_EUR_p3v5.TOPMed_Imputed.Allele_Freq.hg38.txt.gz 
      --acolIn cpaid;AA1_Freq;R2 
      --acolInClasses character;numeric;numeric 
      --strRefSuffix .ref 
      --colRefMarker cpaid 
      --blnInAll 0 
      --blnRefAll 0 
      --blnWriteNotInRef 1
	** Function evaluation time: 1.23 Minutes
	** Current memory allocated: 8166904 
   + AFCHECK 
      --colInFreq EAF 
      --colRefFreq AA1_Freq.ref 
      --arcdColourCrit R2.ref<0.3;INFO<0.3;INFO<0.3&R2.ref<0.3 
      --astrColour red;blue;purple 
      --blnPlotAll 0 
      --numLimOutlier 0.2
	** Function evaluation time: 0.03 Minutes
	** Current memory allocated: 7616220 
   + CALCULATE 
      --rcdCalc length(cpaid) 
      --strCalcName AFCHECK.Checked
	** Function evaluation time: 0 Minutes
	** Current memory allocated: 7616220 
   + RADDCOL 
      --rcdRAddCol AFCHECK.Checked-AFCHECK.numOutlier 
      --colROut AFok
	** Function evaluation time: 0 Minutes
	** Current memory allocated: 7616220 
   + RADDCOL 
      --rcdRAddCol AFCHECK.numOutlier 
      --colROut AFoutlier
	** Function evaluation time: 0 Minutes
	** Current memory allocated: 7616220 
   + BRPLOT 
      --acolBRPlot AFok;AFoutlier;NotInRef 
      --astrColour green;red;grey 
      --numParLas 1 
      --strPlotName BARPLOT.HighQualVar.AFchecks
	** Function evaluation time: 0 Minutes
	** Current memory allocated: 7616220 
   + PZPLOT 
      --colBeta BETA 
      --colSe SE 
      --colPval PVAL
	** Function evaluation time: 0.09 Minutes
	** Current memory allocated: 7616220 
** File processing time: 10.28 Minutes

+++++
Processing file: EGG_cIMT.maxIMT.ADO.WOMEN.noBMI.EUR.AL.20240528.txt.gz 
   + Reading  /genetics/MixedStudies/Projects/2211_cIMT_GWAMA_PHRI/Results/GWAS/FAMILY/Raw/EGG_cIMT.maxIMT.ADO.WOMEN.noBMI.EUR.AL.20240528.txt.gz ... 
	** Data reading time: 0.38 Minutes
	** Current memory allocated: 9727900 
   + CLEAN 
      --rcdClean is.na(CHR) 
      --strCleanName numDrop.CHR.missing
	** Function evaluation time: 0 Minutes
	** Current memory allocated: 9727900 
   + CLEAN 
      --rcdClean is.na(POS) 
      --strCleanName numDrop.POS.missing
	** Function evaluation time: 0 Minutes
	** Current memory allocated: 8473956 
   + CLEAN 
      --rcdClean is.na(N) 
      --strCleanName numDrop.N.missing
	** Function evaluation time: 0 Minutes
	** Current memory allocated: 8473956 
   + CLEAN 
      --rcdClean is.na(BETA) 
      --strCleanName numDrop.BETA.missing
	** Function evaluation time: 0 Minutes
	** Current memory allocated: 8473956 
   + CLEAN 
      --rcdClean is.na(SE) 
      --strCleanName numDrop.SE.missing
	** Function evaluation time: 0 Minutes
	** Current memory allocated: 8473956 
   + CLEAN 
      --rcdClean is.na(PVAL) 
      --strCleanName numDrop.PVAL.missing
	** Function evaluation time: 0 Minutes
	** Current memory allocated: 8473956 
   + CLEAN 
      --rcdClean is.na(EAF) 
      --strCleanName numDrop.EAF.missing
	** Function evaluation time: 0 Minutes
	** Current memory allocated: 8473956 
   + CLEAN 
      --rcdClean EAF==0|EAF==1 
      --strCleanName numDrop.EAF.monomorph
	** Function evaluation time: 0.01 Minutes
	** Current memory allocated: 8473956 
   + ADDCOL 
      --rcdAddCol signif(2*pmin(EAF,1-EAF)*N,4) 
      --colOut MAC_ALL
	** Function evaluation time: 0.05 Minutes
	** Current memory allocated: 9428676 
   + ADDCOL 
      --rcdAddCol signif(MAC_ALL*INFO,4) 
      --colOut DF_ALL
	** Function evaluation time: 0.04 Minutes
	** Current memory allocated: 9349116 
   + CLEAN 
      --rcdClean N<30 
      --strCleanName numDrop_Nlt30
	** Function evaluation time: 0 Minutes
	** Current memory allocated: 8394396 
   + CLEAN 
      --rcdClean MAC_ALL<=6 
      --strCleanName numDrop_MAClet6
	** Function evaluation time: 0.02 Minutes
	** Current memory allocated: 8984636 
   + CLEAN 
      --rcdClean EAF<0|EAF>1 
      --strCleanName numDrop.EAF.invalid
	** Function evaluation time: 0 Minutes
	** Current memory allocated: 7711676 
   + CLEAN 
      --rcdClean abs(BETA)==Inf 
      --strCleanName numDrop.BETA.inf
	** Function evaluation time: 0 Minutes
	** Current memory allocated: 7711676 
   + CLEAN 
      --rcdClean PVAL<0|PVAL>1 
      --strCleanName numDrop.invalid.P
	** Function evaluation time: 0.01 Minutes
	** Current memory allocated: 7711676 
   + CLEAN 
      --rcdClean SE<=0|SE==Inf 
      --strCleanName numDrop.invalid.SE
	** Function evaluation time: 0 Minutes
	** Current memory allocated: 7711676 
   + CLEAN 
      --rcdClean BETA<=0|BETA==Inf 
      --strCleanName numDrop.invalid.BETA
	** Function evaluation time: 0.02 Minutes
	** Current memory allocated: 7827828 
   + CLEAN 
      --rcdClean is.na(INFO_TYPE) 
      --strCleanName numDrop.MissingInformationType
	** Function evaluation time: 0.01 Minutes
	** Current memory allocated: 7237588 
   + CLEAN 
      --rcdClean INFO_TYPE==0&INFO<1 
      --strCleanName numDrop.Genotyped.LowInformation
	** Function evaluation time: 0 Minutes
	** Current memory allocated: 7150472 
   + CLEAN 
      --rcdClean (INFO_TYPE!= 0)&(is.na(INFO)) 
      --strCleanName numDrop.Imputed.MissingInformation
	** Function evaluation time: 0 Minutes
	** Current memory allocated: 7150472 
   + CLEAN 
      --rcdClean (INFO_TYPE!=0&INFO<0.3)|(INFO_TYPE==2&INFO<0.4)| (INFO_TYPE==3&INFO<0.8) 
      --strCleanName numDrop.LowInformation
	** Function evaluation time: 0.01 Minutes
	** Current memory allocated: 7150472 
   + CLEAN 
      --rcdClean !CHR%in%c(1:22,NA) 
      --strCleanName numDropSNP_ChrXY 
      --blnWriteCleaned 1
	** Function evaluation time: 0 Minutes
	** Current memory allocated: 7150472 
   + EDITCOL 
      --rcdEditCol gsub('^0+','',CHR) 
      --colEdit CHR
	** Function evaluation time: 0.01 Minutes
	** Current memory allocated: 7150472 
   + EDITCOL 
      --rcdEditCol gsub('^0+','',POS) 
      --colEdit POS
	** Function evaluation time: 0.15 Minutes
	** Current memory allocated: 7150472 
   + LIFTOVER 
      --colInChr CHR 
      --colInPos POS 
      --fileLiftOver /genetics/UKB/Charge/1000G_p3v5.TOPMed_Imputed.add_UKB.Liftover_hg19to38.txt.gz 
      --blnCheckLift 1
LIFTOVER: No variants will be lifted because 48.4 % of 1000 informative variants are already on build 38  comparerd to 0.4 % on build 37 in file /genetics/MixedStudies/Projects/2211_cIMT_GWAMA_PHRI/Results/GWAS/FAMILY/Raw/EGG_cIMT.maxIMT.ADO.WOMEN.noBMI.EUR.AL.20240528.txt.gz  !!! 
	** Function evaluation time: 0.14 Minutes
	** Current memory allocated: 7150472 
   + EDITCOL 
      --rcdEditCol toupper(EFFECT_ALLELE) 
      --colEdit EFFECT_ALLELE
	** Function evaluation time: 0.02 Minutes
	** Current memory allocated: 7150472 
   + EDITCOL 
      --rcdEditCol toupper(NON_EFFECT_ALLELE) 
      --colEdit NON_EFFECT_ALLELE
	** Function evaluation time: 0.02 Minutes
	** Current memory allocated: 7150472 
   + CREATECPAID 
      --colInChr CHR 
      --colInPos POS 
      --colInEA EFFECT_ALLELE 
      --colInOA NON_EFFECT_ALLELE 
      --acolInFreq EAF 
      --acolInBeta BETA
	** Function evaluation time: 0.28 Minutes
	** Current memory allocated: 7458872 
   + CLEANDUPLICATES 
      --colInMarker cpaid 
      --strMode criterion 
      --colCrit INFO 
      --strCritDir max
	** Function evaluation time: 0.04 Minutes
	** Current memory allocated: 7458872 
   + WRITE 
      --strPrefix CLEANED 
      --strSuffix cpaid 
      --strMode gz
	** Function evaluation time: 0.06 Minutes
	** Current memory allocated: 7121436 
   + EVALSTAT 
      --colStat N
	** Function evaluation time: 0.12 Minutes
