++++++++++++++++++++++++++++++++++++++++++++++++++++++++++++++
|       EasyQC2	   |     1.1.1.b5  |   01/September/2022  |
++++++++++++++++++++++++++++++++++++++++++++++++++++++++++++++
|  (C) 2013 Thomas Winkler, GNU General Public License, v3   |
++++++++++++++++++++++++++++++++++++++++++++++++++++++++++++++
|  For bug-report, please e-mail:                            |
|  thomas.winkler@klinik.uni-regensburg.de                   |
++++++++++++++++++++++++++++++++++++++++++++++++++++++++++++++

+++++
Starting Easy2: 2024-10-07 18:56:05 
Running script  /genetics/MixedStudies/Projects/2211_cIMT_GWAMA_PHRI//Scripts/QC/CHCP/CHCP_OAD_maxRCF_EUR_QC_quant.ecf ...

+++++
Getting list of input files ...
Using:
   +  /genetics/MixedStudies/Projects/2211_cIMT_GWAMA_PHRI/Results/GWAS/CHCP/Raw/Modified/CP_cIMT.maxRCF.OAD.MEN.adjBMI.EUR.KL.230922_3.txt.gz 
   +  /genetics/MixedStudies/Projects/2211_cIMT_GWAMA_PHRI/Results/GWAS/CHCP/Raw/Modified/CP_cIMT.maxRCF.OAD.MEN.noBMI.EUR.KL.230922_3.txt.gz 
   +  /genetics/MixedStudies/Projects/2211_cIMT_GWAMA_PHRI/Results/GWAS/CHCP/Raw/Modified/CP_cIMT.maxRCF.OAD.MW.adjBMI.EUR.KL.230922_3.txt.gz 
   +  /genetics/MixedStudies/Projects/2211_cIMT_GWAMA_PHRI/Results/GWAS/CHCP/Raw/Modified/CP_cIMT.maxRCF.OAD.MW.noBMI.EUR.KL.230922_3.txt.gz 
   +  /genetics/MixedStudies/Projects/2211_cIMT_GWAMA_PHRI/Results/GWAS/CHCP/Raw/Modified/CP_cIMT.maxRCF.OAD.WOMEN.adjBMI.EUR.KL.230922_3.txt.gz 
   +  /genetics/MixedStudies/Projects/2211_cIMT_GWAMA_PHRI/Results/GWAS/CHCP/Raw/Modified/CP_cIMT.maxRCF.OAD.WOMEN.noBMI.EUR.KL.230922_3.txt.gz 

+++++
Default output path is 
/genetics/MixedStudies/Projects/2211_cIMT_GWAMA_PHRI/Results/GWAS/CHCP/QCed/OAD/maxRCF/EUR

+++++
Performing validity check on 10 rows from each file :

   +  CP_cIMT.maxRCF.OAD.MEN.adjBMI.EUR.KL.230922_3.txt.gz -> OK
   +  CP_cIMT.maxRCF.OAD.MEN.noBMI.EUR.KL.230922_3.txt.gz -> OK
   +  CP_cIMT.maxRCF.OAD.MW.adjBMI.EUR.KL.230922_3.txt.gz -> OK
   +  CP_cIMT.maxRCF.OAD.MW.noBMI.EUR.KL.230922_3.txt.gz -> OK
   +  CP_cIMT.maxRCF.OAD.WOMEN.adjBMI.EUR.KL.230922_3.txt.gz -> OK
   +  CP_cIMT.maxRCF.OAD.WOMEN.noBMI.EUR.KL.230922_3.txt.gz -> OK
 Passed validity check!

+++++
Processing file: CP_cIMT.maxRCF.OAD.MEN.adjBMI.EUR.KL.230922_3.txt.gz 
   + Reading  /genetics/MixedStudies/Projects/2211_cIMT_GWAMA_PHRI/Results/GWAS/CHCP/Raw/Modified/CP_cIMT.maxRCF.OAD.MEN.adjBMI.EUR.KL.230922_3.txt.gz ... 
	** Data reading time: 0.4 Minutes
	** Current memory allocated: 4032428 
   + CLEAN 
      --rcdClean is.na(CHR) 
      --strCleanName numDrop.CHR.missing
	** Function evaluation time: 0 Minutes
	** Current memory allocated: 4153996 
   + CLEAN 
      --rcdClean is.na(POS) 
      --strCleanName numDrop.POS.missing
	** Function evaluation time: 0 Minutes
	** Current memory allocated: 2885044 
   + CLEAN 
      --rcdClean is.na(INFO) 
      --strCleanName numDrop.INFO.missing
	** Function evaluation time: 0 Minutes
	** Current memory allocated: 2885044 
   + CLEAN 
      --rcdClean is.na(N) 
      --strCleanName numDrop.N.missing
	** Function evaluation time: 0 Minutes
	** Current memory allocated: 2885044 
   + CLEAN 
      --rcdClean is.na(BETA) 
      --strCleanName numDrop.BETA.missing
	** Function evaluation time: 0 Minutes
	** Current memory allocated: 2885044 
   + CLEAN 
      --rcdClean is.na(SE) 
      --strCleanName numDrop.SE.missing
	** Function evaluation time: 0 Minutes
	** Current memory allocated: 2885044 
   + CLEAN 
      --rcdClean is.na(PVAL) 
      --strCleanName numDrop.PVAL.missing
	** Function evaluation time: 0 Minutes
	** Current memory allocated: 2885044 
   + CLEAN 
      --rcdClean is.na(EAF) 
      --strCleanName numDrop.EAF.missing
	** Function evaluation time: 0 Minutes
	** Current memory allocated: 2885044 
   + CLEAN 
      --rcdClean EAF==0|EAF==1 
      --strCleanName numDrop.EAF.monomorph
	** Function evaluation time: 0 Minutes
	** Current memory allocated: 3006608 
   + ADDCOL 
      --rcdAddCol signif(2*pmin(EAF,1-EAF)*N,4) 
      --colOut MAC_ALL
	** Function evaluation time: 0.05 Minutes
	** Current memory allocated: 4039944 
   + ADDCOL 
      --rcdAddCol signif(MAC_ALL*INFO,4) 
      --colOut DF_ALL
	** Function evaluation time: 0.08 Minutes
	** Current memory allocated: 4161512 
   + CLEAN 
      --rcdClean DF_ALL<20 
      --strCleanName numDrop.DF_ALL.20
	** Function evaluation time: 0.01 Minutes
	** Current memory allocated: 3708600 
   + CLEAN 
      --rcdClean N<30 
      --strCleanName numDrop_Nlt30
	** Function evaluation time: 0 Minutes
	** Current memory allocated: 2371352 
   + CLEAN 
      --rcdClean MAC_ALL<=6 
      --strCleanName numDrop_MAClet6
	** Function evaluation time: 0 Minutes
	** Current memory allocated: 2371352 
   + CLEAN 
      --rcdClean EAF<0|EAF>1 
      --strCleanName numDrop.EAF.invalid
	** Function evaluation time: 0 Minutes
	** Current memory allocated: 2371352 
   + CLEAN 
      --rcdClean abs(BETA)==Inf 
      --strCleanName numDrop.BETA.inf
	** Function evaluation time: 0 Minutes
	** Current memory allocated: 2371352 
   + CLEAN 
      --rcdClean PVAL<0|PVAL>1 
      --strCleanName numDrop.invalid.P
	** Function evaluation time: 0 Minutes
	** Current memory allocated: 2371352 
   + CLEAN 
      --rcdClean SE<=0|SE==Inf 
      --strCleanName numDrop.invalid.SE
	** Function evaluation time: 0 Minutes
	** Current memory allocated: 2371352 
   + CLEAN 
      --rcdClean abs(BETA)>1000 
      --strCleanName numDrop.BETA.extreme 
      --blnWriteCleaned 1
	** Function evaluation time: 0 Minutes
	** Current memory allocated: 2371352 
   + CLEAN 
      --rcdClean is.na(INFO_TYPE) 
      --strCleanName numDrop.MissingInformationType
	** Function evaluation time: 0 Minutes
	** Current memory allocated: 2371352 
   + CLEAN 
      --rcdClean INFO_TYPE==0&INFO<1 
      --strCleanName numDrop.Genotyped.LowInformation
	** Function evaluation time: 0 Minutes
	** Current memory allocated: 2371352 
   + CLEAN 
      --rcdClean (INFO_TYPE!= 0)&(is.na(INFO)) 
      --strCleanName numDrop.Imputed.MissingInformation
	** Function evaluation time: 0 Minutes
	** Current memory allocated: 2371352 
   + CLEAN 
      --rcdClean (INFO_TYPE!=0&INFO<0.3)|(INFO_TYPE==2&INFO<0.4)| (INFO_TYPE==3&INFO<0.8) 
      --strCleanName numDrop.LowInformation
	** Function evaluation time: 0.01 Minutes
	** Current memory allocated: 2883540 
   + CLEAN 
      --rcdClean !CHR%in%c(1:22,NA) 
      --strCleanName numDropSNP_ChrXY 
      --blnWriteCleaned 1
	** Function evaluation time: 0 Minutes
	** Current memory allocated: 2883540 
   + EDITCOL 
      --rcdEditCol gsub('^0+','',CHR) 
      --colEdit CHR
	** Function evaluation time: 0.01 Minutes
	** Current memory allocated: 2883540 
   + EDITCOL 
      --rcdEditCol gsub('^0+','',POS) 
      --colEdit POS
	** Function evaluation time: 0.1 Minutes
	** Current memory allocated: 2883540 
   + EDITCOL 
      --rcdEditCol toupper(EFFECT_ALLELE) 
      --colEdit EFFECT_ALLELE
	** Function evaluation time: 0.01 Minutes
	** Current memory allocated: 2883540 
   + EDITCOL 
      --rcdEditCol toupper(NON_EFFECT_ALLELE) 
      --colEdit NON_EFFECT_ALLELE
	** Function evaluation time: 0.01 Minutes
	** Current memory allocated: 2883540 
   + CREATECPAID 
      --colInChr CHR 
      --colInPos POS 
      --colInEA EFFECT_ALLELE 
      --colInOA NON_EFFECT_ALLELE 
      --acolInFreq EAF 
      --acolInBeta BETA
	** Function evaluation time: 0.27 Minutes
	** Current memory allocated: 3484908 
   + CLEANDUPLICATES 
      --colInMarker cpaid 
      --strMode criterion 
      --colCrit INFO 
      --strCritDir max
	** Function evaluation time: 0.03 Minutes
	** Current memory allocated: 3484908 
   + WRITE 
      --strPrefix CLEANED 
      --strSuffix cpaid 
      --strMode gz
	** Function evaluation time: 0.05 Minutes
	** Current memory allocated: 2558084 
   + EVALSTAT 
      --colStat N
	** Function evaluation time: 0.06 Minutes
	** Current memory allocated: 3009300 
   + GC 
      --colPval PVAL 
      --blnSuppressCorrection 1
	** Function evaluation time: 0.09 Minutes
	** Current memory allocated: 2753204 
   + QQPLOT 
      --acolQQPlot PVAL 
      --astrColour black 
      --blnAddLambdaGC 1 
      --numPvalOffset 0.05 
      --strPlotName qq.SNP 
      --strMode subplot
	** Function evaluation time: 0.16 Minutes
	** Current memory allocated: 3741424 
   + RPLOT 
      --rcdRPlotX N_max 
      --rcdRPlotY Lambda.PVAL.GC 
      --arcdAdd2Plot abline(h=1,col='orange');abline(h=1.1,col='red') 
      --strAxes lim(0,NULL,0,NULL) 
      --strPlotName GC-PLOT
	** Function evaluation time: 0 Minutes
	** Current memory allocated: 2558512 
   + MERGE 
      --colInMarker cpaid 
      --fileRef /genetics/TopMed/Charge/1000G_EUR_p3v5.TOPMed_Imputed.Allele_Freq.hg38.txt.gz 
      --acolIn cpaid;AA1_Freq;R2 
      --acolInClasses character;numeric;numeric 
      --strRefSuffix .ref 
      --colRefMarker cpaid 
      --blnInAll 0 
      --blnRefAll 0 
      --blnWriteNotInRef 1
   + Reading  /genetics/TopMed/Charge/1000G_EUR_p3v5.TOPMed_Imputed.Allele_Freq.hg38.txt.gz ... 
	** Function evaluation time: 1.59 Minutes
	** Current memory allocated: 5049964 
   + AFCHECK 
      --colInFreq EAF 
      --colRefFreq AA1_Freq.ref 
      --arcdColourCrit R2.ref<0.3;INFO<0.3;INFO<0.3&R2.ref<0.3 
      --astrColour red;blue;purple 
      --blnPlotAll 0 
      --numLimOutlier 0.2
	** Function evaluation time: 0 Minutes
	** Current memory allocated: 4683248 
   + CALCULATE 
      --rcdCalc length(cpaid) 
      --strCalcName AFCHECK.Checked
	** Function evaluation time: 0 Minutes
	** Current memory allocated: 4683248 
   + RADDCOL 
      --rcdRAddCol AFCHECK.Checked-AFCHECK.numOutlier 
      --colROut AFok
	** Function evaluation time: 0 Minutes
	** Current memory allocated: 4683248 
   + RADDCOL 
      --rcdRAddCol AFCHECK.numOutlier 
      --colROut AFoutlier
	** Function evaluation time: 0 Minutes
	** Current memory allocated: 4683248 
   + BRPLOT 
      --acolBRPlot AFok;AFoutlier;NotInRef 
      --astrColour green;red;grey 
      --numParLas 1 
      --strPlotName BARPLOT.HighQualVar.AFchecks
	** Function evaluation time: 0 Minutes
	** Current memory allocated: 4683248 
** File processing time: 4.61 Minutes

+++++
Processing file: CP_cIMT.maxRCF.OAD.MEN.noBMI.EUR.KL.230922_3.txt.gz 
   + Reading  /genetics/MixedStudies/Projects/2211_cIMT_GWAMA_PHRI/Results/GWAS/CHCP/Raw/Modified/CP_cIMT.maxRCF.OAD.MEN.noBMI.EUR.KL.230922_3.txt.gz ... 
	** Data reading time: 0.8 Minutes
	** Current memory allocated: 6976804 
   + CLEAN 
      --rcdClean is.na(CHR) 
      --strCleanName numDrop.CHR.missing
	** Function evaluation time: 0 Minutes
	** Current memory allocated: 6976804 
   + CLEAN 
      --rcdClean is.na(POS) 
      --strCleanName numDrop.POS.missing
	** Function evaluation time: 0 Minutes
	** Current memory allocated: 5557932 
   + CLEAN 
      --rcdClean is.na(INFO) 
      --strCleanName numDrop.INFO.missing
	** Function evaluation time: 0 Minutes
	** Current memory allocated: 5557932 
   + CLEAN 
      --rcdClean is.na(N) 
      --strCleanName numDrop.N.missing
	** Function evaluation time: 0 Minutes
	** Current memory allocated: 5557932 
   + CLEAN 
      --rcdClean is.na(BETA) 
      --strCleanName numDrop.BETA.missing
	** Function evaluation time: 0 Minutes
	** Current memory allocated: 5557932 
   + CLEAN 
      --rcdClean is.na(SE) 
      --strCleanName numDrop.SE.missing
	** Function evaluation time: 0 Minutes
	** Current memory allocated: 5557932 
   + CLEAN 
      --rcdClean is.na(PVAL) 
      --strCleanName numDrop.PVAL.missing
	** Function evaluation time: 0 Minutes
	** Current memory allocated: 5557932 
   + CLEAN 
      --rcdClean is.na(EAF) 
      --strCleanName numDrop.EAF.missing
	** Function evaluation time: 0.04 Minutes
	** Current memory allocated: 6764140 
   + CLEAN 
      --rcdClean EAF==0|EAF==1 
      --strCleanName numDrop.EAF.monomorph
	** Function evaluation time: 0.01 Minutes
	** Current memory allocated: 5444852 
   + ADDCOL 
      --rcdAddCol signif(2*pmin(EAF,1-EAF)*N,4) 
      --colOut MAC_ALL
	** Function evaluation time: 0.07 Minutes
	** Current memory allocated: 6877220 
   + ADDCOL 
      --rcdAddCol signif(MAC_ALL*INFO,4) 
      --colOut DF_ALL
	** Function evaluation time: 0.16 Minutes
	** Current memory allocated: 7027996 
   + CLEAN 
      --rcdClean DF_ALL<20 
      --strCleanName numDrop.DF_ALL.20
	** Function evaluation time: 0.01 Minutes
	** Current memory allocated: 6176772 
   + CLEAN 
      --rcdClean N<30 
      --strCleanName numDrop_Nlt30
	** Function evaluation time: 0 Minutes
	** Current memory allocated: 4744400 
   + CLEAN 
      --rcdClean MAC_ALL<=6 
      --strCleanName numDrop_MAClet6
	** Function evaluation time: 0 Minutes
	** Current memory allocated: 4744400 
   + CLEAN 
      --rcdClean EAF<0|EAF>1 
      --strCleanName numDrop.EAF.invalid
	** Function evaluation time: 0 Minutes
	** Current memory allocated: 4744400 
   + CLEAN 
      --rcdClean abs(BETA)==Inf 
      --strCleanName numDrop.BETA.inf
	** Function evaluation time: 0 Minutes
	** Current memory allocated: 4744400 
   + CLEAN 
      --rcdClean PVAL<0|PVAL>1 
      --strCleanName numDrop.invalid.P
	** Function evaluation time: 0 Minutes
	** Current memory allocated: 4744400 
   + CLEAN 
      --rcdClean SE<=0|SE==Inf 
      --strCleanName numDrop.invalid.SE
	** Function evaluation time: 0 Minutes
	** Current memory allocated: 4744400 
   + CLEAN 
      --rcdClean abs(BETA)>1000 
      --strCleanName numDrop.BETA.extreme 
      --blnWriteCleaned 1
	** Function evaluation time: 0 Minutes
	** Current memory allocated: 4744400 
   + CLEAN 
      --rcdClean is.na(INFO_TYPE) 
      --strCleanName numDrop.MissingInformationType
	** Function evaluation time: 0 Minutes
	** Current memory allocated: 4744400 
   + CLEAN 
      --rcdClean INFO_TYPE==0&INFO<1 
      --strCleanName numDrop.Genotyped.LowInformation
	** Function evaluation time: 0 Minutes
	** Current memory allocated: 4744400 
   + CLEAN 
      --rcdClean (INFO_TYPE!= 0)&(is.na(INFO)) 
      --strCleanName numDrop.Imputed.MissingInformation
	** Function evaluation time: 0 Minutes
	** Current memory allocated: 4744400 
   + CLEAN 
      --rcdClean (INFO_TYPE!=0&INFO<0.3)|(INFO_TYPE==2&INFO<0.4)| (INFO_TYPE==3&INFO<0.8) 
      --strCleanName numDrop.LowInformation
	** Function evaluation time: 0.01 Minutes
	** Current memory allocated: 5166968 
   + CLEAN 
      --rcdClean !CHR%in%c(1:22,NA) 
      --strCleanName numDropSNP_ChrXY 
      --blnWriteCleaned 1
	** Function evaluation time: 0.01 Minutes
	** Current memory allocated: 5166968 
   + EDITCOL 
      --rcdEditCol gsub('^0+','',CHR) 
      --colEdit CHR
	** Function evaluation time: 0.01 Minutes
	** Current memory allocated: 4600948 
   + EDITCOL 
      --rcdEditCol gsub('^0+','',POS) 
      --colEdit POS
	** Function evaluation time: 0.14 Minutes
	** Current memory allocated: 4600948 
   + EDITCOL 
      --rcdEditCol toupper(EFFECT_ALLELE) 
      --colEdit EFFECT_ALLELE
	** Function evaluation time: 0.02 Minutes
	** Current memory allocated: 4600948 
   + EDITCOL 
      --rcdEditCol toupper(NON_EFFECT_ALLELE) 
      --colEdit NON_EFFECT_ALLELE
	** Function evaluation time: 0.02 Minutes
	** Current memory allocated: 4600948 
   + CREATECPAID 
      --colInChr CHR 
      --colInPos POS 
      --colInEA EFFECT_ALLELE 
      --colInOA NON_EFFECT_ALLELE 
      --acolInFreq EAF 
      --acolInBeta BETA
	** Function evaluation time: 0.34 Minutes
	** Current memory allocated: 6173880 
   + CLEANDUPLICATES 
      --colInMarker cpaid 
      --strMode criterion 
      --colCrit INFO 
      --strCritDir max
	** Function evaluation time: 0.04 Minutes
	** Current memory allocated: 6042804 
   + WRITE 
      --strPrefix CLEANED 
      --strSuffix cpaid 
      --strMode gz
	** Function evaluation time: 0.06 Minutes
	** Current memory allocated: 6042804 
   + EVALSTAT 
      --colStat N
	** Function evaluation time: 0.08 Minutes
	** Current memory allocated: 6042804 
   + GC 
      --colPval PVAL 
      --blnSuppressCorrection 1
	** Function evaluation time: 0.12 Minutes
	** Current memory allocated: 6042804 
   + QQPLOT 
      --acolQQPlot PVAL 
      --astrColour black 
      --blnAddLambdaGC 1 
      --numPvalOffset 0.05 
      --strPlotName qq.SNP 
      --strMode subplot
	** Function evaluation time: 0.19 Minutes
	** Current memory allocated: 6239024 
   + RPLOT 
      --rcdRPlotX N_max 
      --rcdRPlotY Lambda.PVAL.GC 
      --arcdAdd2Plot abline(h=1,col='orange');abline(h=1.1,col='red') 
      --strAxes lim(0,NULL,0,NULL) 
      --strPlotName GC-PLOT
	** Function evaluation time: 0 Minutes
	** Current memory allocated: 6042844 
   + MERGE 
      --colInMarker cpaid 
      --fileRef /genetics/TopMed/Charge/1000G_EUR_p3v5.TOPMed_Imputed.Allele_Freq.hg38.txt.gz 
      --acolIn cpaid;AA1_Freq;R2 
      --acolInClasses character;numeric;numeric 
      --strRefSuffix .ref 
      --colRefMarker cpaid 
      --blnInAll 0 
      --blnRefAll 0 
      --blnWriteNotInRef 1
	** Function evaluation time: 0.78 Minutes
	** Current memory allocated: 6733144 
   + AFCHECK 
      --colInFreq EAF 
      --colRefFreq AA1_Freq.ref 
      --arcdColourCrit R2.ref<0.3;INFO<0.3;INFO<0.3&R2.ref<0.3 
      --astrColour red;blue;purple 
      --blnPlotAll 0 
      --numLimOutlier 0.2
	** Function evaluation time: 0 Minutes
	** Current memory allocated: 5993668 
   + CALCULATE 
      --rcdCalc length(cpaid) 
      --strCalcName AFCHECK.Checked
	** Function evaluation time: 0 Minutes
	** Current memory allocated: 5993668 
   + RADDCOL 
      --rcdRAddCol AFCHECK.Checked-AFCHECK.numOutlier 
      --colROut AFok
	** Function evaluation time: 0 Minutes
	** Current memory allocated: 5993668 
   + RADDCOL 
      --rcdRAddCol AFCHECK.numOutlier 
      --colROut AFoutlier
	** Function evaluation time: 0 Minutes
	** Current memory allocated: 5993668 
   + BRPLOT 
      --acolBRPlot AFok;AFoutlier;NotInRef 
      --astrColour green;red;grey 
      --numParLas 1 
      --strPlotName BARPLOT.HighQualVar.AFchecks
	** Function evaluation time: 0 Minutes
	** Current memory allocated: 5993668 
** File processing time: 7.1 Minutes

+++++
Processing file: CP_cIMT.maxRCF.OAD.MW.adjBMI.EUR.KL.230922_3.txt.gz 
   + Reading  /genetics/MixedStudies/Projects/2211_cIMT_GWAMA_PHRI/Results/GWAS/CHCP/Raw/Modified/CP_cIMT.maxRCF.OAD.MW.adjBMI.EUR.KL.230922_3.txt.gz ... 
	** Data reading time: 0.99 Minutes
	** Current memory allocated: 9024452 
   + CLEAN 
      --rcdClean is.na(CHR) 
      --strCleanName numDrop.CHR.missing
	** Function evaluation time: 0 Minutes
	** Current memory allocated: 9024452 
   + CLEAN 
      --rcdClean is.na(POS) 
      --strCleanName numDrop.POS.missing
	** Function evaluation time: 0 Minutes
	** Current memory allocated: 8045956 
   + CLEAN 
      --rcdClean is.na(INFO) 
      --strCleanName numDrop.INFO.missing
	** Function evaluation time: 0.01 Minutes
	** Current memory allocated: 8045956 
   + CLEAN 
      --rcdClean is.na(N) 
      --strCleanName numDrop.N.missing
	** Function evaluation time: 0 Minutes
	** Current memory allocated: 8045956 
   + CLEAN 
      --rcdClean is.na(BETA) 
      --strCleanName numDrop.BETA.missing
	** Function evaluation time: 0 Minutes
	** Current memory allocated: 8045956 
   + CLEAN 
      --rcdClean is.na(SE) 
      --strCleanName numDrop.SE.missing
	** Function evaluation time: 0 Minutes
	** Current memory allocated: 8045956 
   + CLEAN 
      --rcdClean is.na(PVAL) 
      --strCleanName numDrop.PVAL.missing
	** Function evaluation time: 0 Minutes
	** Current memory allocated: 8045956 
   + CLEAN 
      --rcdClean is.na(EAF) 
      --strCleanName numDrop.EAF.missing
	** Function evaluation time: 0.02 Minutes
	** Current memory allocated: 8824916 
   + CLEAN 
      --rcdClean EAF==0|EAF==1 
      --strCleanName numDrop.EAF.monomorph
	** Function evaluation time: 0.02 Minutes
	** Current memory allocated: 8935820 
   + ADDCOL 
      --rcdAddCol signif(2*pmin(EAF,1-EAF)*N,4) 
      --colOut MAC_ALL
	** Function evaluation time: 0.09 Minutes
	** Current memory allocated: 9380764 
   + ADDCOL 
      --rcdAddCol signif(MAC_ALL*INFO,4) 
      --colOut DF_ALL
	** Function evaluation time: 0.05 Minutes
	** Current memory allocated: 9380764 
   + CLEAN 
      --rcdClean DF_ALL<20 
      --strCleanName numDrop.DF_ALL.20
	** Function evaluation time: 0.02 Minutes
	** Current memory allocated: 8156860 
   + CLEAN 
      --rcdClean N<30 
      --strCleanName numDrop_Nlt30
	** Function evaluation time: 0 Minutes
	** Current memory allocated: 6042844 
   + CLEAN 
      --rcdClean MAC_ALL<=6 
      --strCleanName numDrop_MAClet6
	** Function evaluation time: 0 Minutes
	** Current memory allocated: 6042844 
   + CLEAN 
      --rcdClean EAF<0|EAF>1 
      --strCleanName numDrop.EAF.invalid
	** Function evaluation time: 0 Minutes
	** Current memory allocated: 6042844 
   + CLEAN 
      --rcdClean abs(BETA)==Inf 
      --strCleanName numDrop.BETA.inf
	** Function evaluation time: 0 Minutes
	** Current memory allocated: 6042844 
   + CLEAN 
      --rcdClean PVAL<0|PVAL>1 
      --strCleanName numDrop.invalid.P
	** Function evaluation time: 0 Minutes
	** Current memory allocated: 6042844 
   + CLEAN 
      --rcdClean SE<=0|SE==Inf 
      --strCleanName numDrop.invalid.SE
	** Function evaluation time: 0 Minutes
	** Current memory allocated: 6042844 
   + CLEAN 
      --rcdClean abs(BETA)>1000 
      --strCleanName numDrop.BETA.extreme 
      --blnWriteCleaned 1
	** Function evaluation time: 0 Minutes
	** Current memory allocated: 6042844 
   + CLEAN 
      --rcdClean is.na(INFO_TYPE) 
      --strCleanName numDrop.MissingInformationType
	** Function evaluation time: 0 Minutes
	** Current memory allocated: 6042844 
   + CLEAN 
      --rcdClean INFO_TYPE==0&INFO<1 
      --strCleanName numDrop.Genotyped.LowInformation
	** Function evaluation time: 0 Minutes
	** Current memory allocated: 6042844 
   + CLEAN 
      --rcdClean (INFO_TYPE!= 0)&(is.na(INFO)) 
      --strCleanName numDrop.Imputed.MissingInformation
	** Function evaluation time: 0 Minutes
	** Current memory allocated: 6042844 
   + CLEAN 
      --rcdClean (INFO_TYPE!=0&INFO<0.3)|(INFO_TYPE==2&INFO<0.4)| (INFO_TYPE==3&INFO<0.8) 
      --strCleanName numDrop.LowInformation
	** Function evaluation time: 0.02 Minutes
	** Current memory allocated: 6724616 
   + CLEAN 
      --rcdClean !CHR%in%c(1:22,NA) 
      --strCleanName numDropSNP_ChrXY 
      --blnWriteCleaned 1
	** Function evaluation time: 0.02 Minutes
	** Current memory allocated: 6724616 
   + EDITCOL 
      --rcdEditCol gsub('^0+','',CHR) 
      --colEdit CHR
	** Function evaluation time: 0.02 Minutes
	** Current memory allocated: 6042844 
   + EDITCOL 
      --rcdEditCol gsub('^0+','',POS) 
      --colEdit POS
	** Function evaluation time: 0.19 Minutes
	** Current memory allocated: 6042844 
   + EDITCOL 
      --rcdEditCol toupper(EFFECT_ALLELE) 
      --colEdit EFFECT_ALLELE
	** Function evaluation time: 0.02 Minutes
	** Current memory allocated: 6042844 
   + EDITCOL 
      --rcdEditCol toupper(NON_EFFECT_ALLELE) 
      --colEdit NON_EFFECT_ALLELE
	** Function evaluation time: 0.02 Minutes
	** Current memory allocated: 6042844 
   + CREATECPAID 
      --colInChr CHR 
      --colInPos POS 
      --colInEA EFFECT_ALLELE 
      --colInOA NON_EFFECT_ALLELE 
      --acolInFreq EAF 
      --acolInBeta BETA
	** Function evaluation time: 0.33 Minutes
	** Current memory allocated: 7878300 
   + CLEANDUPLICATES 
      --colInMarker cpaid 
      --strMode criterion 
      --colCrit INFO 
      --strCritDir max
	** Function evaluation time: 0.06 Minutes
	** Current memory allocated: 7623280 
   + WRITE 
      --strPrefix CLEANED 
      --strSuffix cpaid 
      --strMode gz
Written 20.9% of 6528289 rows in 2 secs using 16 threads. maxBuffUsed=11%. ETA 7 secs.      Written 37.5% of 6528289 rows in 3 secs using 16 threads. maxBuffUsed=11%. ETA 5 secs.      Written 52.0% of 6528289 rows in 4 secs using 16 threads. maxBuffUsed=11%. ETA 3 secs.      Written 66.5% of 6528289 rows in 5 secs using 16 threads. maxBuffUsed=11%. ETA 2 secs.      Written 85.2% of 6528289 rows in 6 secs using 16 threads. maxBuffUsed=11%. ETA 1 secs.                                                                                                                                           	** Function evaluation time: 0.13 Minutes
	** Current memory allocated: 6501192 
   + EVALSTAT 
      --colStat N
	** Function evaluation time: 0.13 Minutes
	** Current memory allocated: 6730772 
   + GC 
      --colPval PVAL 
      --blnSuppressCorrection 1
	** Function evaluation time: 0.21 Minutes
	** Current memory allocated: 6501256 
   + QQPLOT 
      --acolQQPlot PVAL 
      --astrColour black 
      --blnAddLambdaGC 1 
      --numPvalOffset 0.05 
      --strPlotName qq.SNP 
      --strMode subplot
	** Function evaluation time: 0.36 Minutes
	** Current memory allocated: 8209868 
   + RPLOT 
      --rcdRPlotX N_max 
      --rcdRPlotY Lambda.PVAL.GC 
      --arcdAdd2Plot abline(h=1,col='orange');abline(h=1.1,col='red') 
      --strAxes lim(0,NULL,0,NULL) 
      --strPlotName GC-PLOT
	** Function evaluation time: 0 Minutes
	** Current memory allocated: 6501256 
   + MERGE 
      --colInMarker cpaid 
      --fileRef /genetics/TopMed/Charge/1000G_EUR_p3v5.TOPMed_Imputed.Allele_Freq.hg38.txt.gz 
      --acolIn cpaid;AA1_Freq;R2 
      --acolInClasses character;numeric;numeric 
      --strRefSuffix .ref 
      --colRefMarker cpaid 
      --blnInAll 0 
      --blnRefAll 0 
      --blnWriteNotInRef 1
	** Function evaluation time: 1.12 Minutes
	** Current memory allocated: 8293400 
   + AFCHECK 
      --colInFreq EAF 
      --colRefFreq AA1_Freq.ref 
      --arcdColourCrit R2.ref<0.3;INFO<0.3;INFO<0.3&R2.ref<0.3 
      --astrColour red;blue;purple 
      --blnPlotAll 0 
      --numLimOutlier 0.2
	** Function evaluation time: 0 Minutes
	** Current memory allocated: 6419296 
   + CALCULATE 
      --rcdCalc length(cpaid) 
      --strCalcName AFCHECK.Checked
	** Function evaluation time: 0 Minutes
	** Current memory allocated: 6419296 
   + RADDCOL 
      --rcdRAddCol AFCHECK.Checked-AFCHECK.numOutlier 
      --colROut AFok
	** Function evaluation time: 0 Minutes
	** Current memory allocated: 6419296 
   + RADDCOL 
      --rcdRAddCol AFCHECK.numOutlier 
      --colROut AFoutlier
	** Function evaluation time: 0 Minutes
	** Current memory allocated: 6419296 
   + BRPLOT 
      --acolBRPlot AFok;AFoutlier;NotInRef 
      --astrColour green;red;grey 
      --numParLas 1 
      --strPlotName BARPLOT.HighQualVar.AFchecks
	** Function evaluation time: 0 Minutes
	** Current memory allocated: 6419296 
** File processing time: 9.85 Minutes

+++++
Processing file: CP_cIMT.maxRCF.OAD.MW.noBMI.EUR.KL.230922_3.txt.gz 
   + Reading  /genetics/MixedStudies/Projects/2211_cIMT_GWAMA_PHRI/Results/GWAS/CHCP/Raw/Modified/CP_cIMT.maxRCF.OAD.MW.noBMI.EUR.KL.230922_3.txt.gz ... 
	** Data reading time: 1.01 Minutes
	** Current memory allocated: 9361872 
   + CLEAN 
      --rcdClean is.na(CHR) 
      --strCleanName numDrop.CHR.missing
	** Function evaluation time: 0.17 Minutes
	** Current memory allocated: 8505016 
   + CLEAN 
      --rcdClean is.na(POS) 
      --strCleanName numDrop.POS.missing
	** Function evaluation time: 0 Minutes
	** Current memory allocated: 8505016 
   + CLEAN 
      --rcdClean is.na(INFO) 
      --strCleanName numDrop.INFO.missing
	** Function evaluation time: 0 Minutes
	** Current memory allocated: 8505016 
   + CLEAN 
      --rcdClean is.na(N) 
      --strCleanName numDrop.N.missing
	** Function evaluation time: 0 Minutes
	** Current memory allocated: 8505016 
   + CLEAN 
      --rcdClean is.na(BETA) 
      --strCleanName numDrop.BETA.missing
	** Function evaluation time: 0 Minutes
	** Current memory allocated: 8505016 
   + CLEAN 
      --rcdClean is.na(SE) 
      --strCleanName numDrop.SE.missing
	** Function evaluation time: 0 Minutes
	** Current memory allocated: 8505016 
   + CLEAN 
      --rcdClean is.na(PVAL) 
      --strCleanName numDrop.PVAL.missing
	** Function evaluation time: 0 Minutes
	** Current memory allocated: 8505016 
   + CLEAN 
      --rcdClean is.na(EAF) 
      --strCleanName numDrop.EAF.missing
	** Function evaluation time: 0.28 Minutes
	** Current memory allocated: 9284228 
   + CLEAN 
      --rcdClean EAF==0|EAF==1 
      --strCleanName numDrop.EAF.monomorph
	** Function evaluation time: 0.03 Minutes
	** Current memory allocated: 9283868 
   + ADDCOL 
      --rcdAddCol signif(2*pmin(EAF,1-EAF)*N,4) 
      --colOut MAC_ALL
	** Function evaluation time: 0.06 Minutes
	** Current memory allocated: 9840256 
   + ADDCOL 
      --rcdAddCol signif(MAC_ALL*INFO,4) 
      --colOut DF_ALL
	** Function evaluation time: 0.06 Minutes
	** Current memory allocated: 9728956 
   + CLEAN 
      --rcdClean DF_ALL<20 
      --strCleanName numDrop.DF_ALL.20
	** Function evaluation time: 0.03 Minutes
	** Current memory allocated: 8393356 
   + CLEAN 
      --rcdClean N<30 
      --strCleanName numDrop_Nlt30
	** Function evaluation time: 0 Minutes
	** Current memory allocated: 6501256 
   + CLEAN 
      --rcdClean MAC_ALL<=6 
      --strCleanName numDrop_MAClet6
	** Function evaluation time: 0 Minutes
	** Current memory allocated: 6501256 
   + CLEAN 
      --rcdClean EAF<0|EAF>1 
      --strCleanName numDrop.EAF.invalid
	** Function evaluation time: 0.01 Minutes
	** Current memory allocated: 6501256 
   + CLEAN 
      --rcdClean abs(BETA)==Inf 
      --strCleanName numDrop.BETA.inf
	** Function evaluation time: 0 Minutes
	** Current memory allocated: 6501256 
   + CLEAN 
      --rcdClean PVAL<0|PVAL>1 
      --strCleanName numDrop.invalid.P
	** Function evaluation time: 0 Minutes
	** Current memory allocated: 6501256 
   + CLEAN 
      --rcdClean SE<=0|SE==Inf 
      --strCleanName numDrop.invalid.SE
	** Function evaluation time: 0 Minutes
	** Current memory allocated: 6501256 
   + CLEAN 
      --rcdClean abs(BETA)>1000 
      --strCleanName numDrop.BETA.extreme 
      --blnWriteCleaned 1
	** Function evaluation time: 0 Minutes
	** Current memory allocated: 6501256 
   + CLEAN 
      --rcdClean is.na(INFO_TYPE) 
      --strCleanName numDrop.MissingInformationType
	** Function evaluation time: 0 Minutes
	** Current memory allocated: 6501256 
   + CLEAN 
      --rcdClean INFO_TYPE==0&INFO<1 
      --strCleanName numDrop.Genotyped.LowInformation
	** Function evaluation time: 0 Minutes
	** Current memory allocated: 6501256 
   + CLEAN 
      --rcdClean (INFO_TYPE!= 0)&(is.na(INFO)) 
      --strCleanName numDrop.Imputed.MissingInformation
	** Function evaluation time: 0 Minutes
	** Current memory allocated: 6501256 
   + CLEAN 
      --rcdClean (INFO_TYPE!=0&INFO<0.3)|(INFO_TYPE==2&INFO<0.4)| (INFO_TYPE==3&INFO<0.8) 
      --strCleanName numDrop.LowInformation
	** Function evaluation time: 0.02 Minutes
	** Current memory allocated: 7026576 
   + CLEAN 
      --rcdClean !CHR%in%c(1:22,NA) 
      --strCleanName numDropSNP_ChrXY 
      --blnWriteCleaned 1
	** Function evaluation time: 0.02 Minutes
	** Current memory allocated: 7026576 
   + EDITCOL 
      --rcdEditCol gsub('^0+','',CHR) 
      --colEdit CHR
	** Function evaluation time: 0.02 Minutes
	** Current memory allocated: 6501256 
   + EDITCOL 
      --rcdEditCol gsub('^0+','',POS) 
      --colEdit POS
	** Function evaluation time: 0.2 Minutes
	** Current memory allocated: 6501256 
   + EDITCOL 
      --rcdEditCol toupper(EFFECT_ALLELE) 
      --colEdit EFFECT_ALLELE
	** Function evaluation time: 0.02 Minutes
	** Current memory allocated: 6501256 
   + EDITCOL 
      --rcdEditCol toupper(NON_EFFECT_ALLELE) 
      --colEdit NON_EFFECT_ALLELE
	** Function evaluation time: 0.02 Minutes
	** Current memory allocated: 6501256 
   + CREATECPAID 
      --colInChr CHR 
      --colInPos POS 
      --colInEA EFFECT_ALLELE 
      --colInOA NON_EFFECT_ALLELE 
      --acolInFreq EAF 
      --acolInBeta BETA
	** Function evaluation time: 0.34 Minutes
	** Current memory allocated: 7919020 
   + CLEANDUPLICATES 
      --colInMarker cpaid 
      --strMode criterion 
      --colCrit INFO 
      --strCritDir max
	** Function evaluation time: 0.06 Minutes
	** Current memory allocated: 7625280 
   + WRITE 
      --strPrefix CLEANED 
      --strSuffix cpaid 
      --strMode gz
Written 20.8% of 6539503 rows in 2 secs using 16 threads. maxBuffUsed=11%. ETA 7 secs.      Written 39.5% of 6539503 rows in 3 secs using 16 threads. maxBuffUsed=11%. ETA 4 secs.      Written 56.0% of 6539503 rows in 4 secs using 16 threads. maxBuffUsed=11%. ETA 3 secs.      Written 70.5% of 6539503 rows in 5 secs using 16 threads. maxBuffUsed=11%. ETA 2 secs.      Written 87.1% of 6539503 rows in 6 secs using 16 threads. maxBuffUsed=11%. ETA 0 secs.                                                                                                                                           	** Function evaluation time: 0.13 Minutes
	** Current memory allocated: 6501256 
   + EVALSTAT 
      --colStat N
	** Function evaluation time: 0.13 Minutes
	** Current memory allocated: 6705620 
   + GC 
      --colPval PVAL 
      --blnSuppressCorrection 1
	** Function evaluation time: 0.2 Minutes
	** Current memory allocated: 6501256 
   + QQPLOT 
      --acolQQPlot PVAL 
      --astrColour black 
      --blnAddLambdaGC 1 
      --numPvalOffset 0.05 
      --strPlotName qq.SNP 
      --strMode subplot
	** Function evaluation time: 0.32 Minutes
	** Current memory allocated: 8238360 
   + RPLOT 
      --rcdRPlotX N_max 
      --rcdRPlotY Lambda.PVAL.GC 
      --arcdAdd2Plot abline(h=1,col='orange');abline(h=1.1,col='red') 
      --strAxes lim(0,NULL,0,NULL) 
      --strPlotName GC-PLOT
	** Function evaluation time: 0 Minutes
	** Current memory allocated: 6501256 
   + MERGE 
      --colInMarker cpaid 
      --fileRef /genetics/TopMed/Charge/1000G_EUR_p3v5.TOPMed_Imputed.Allele_Freq.hg38.txt.gz 
      --acolIn cpaid;AA1_Freq;R2 
      --acolInClasses character;numeric;numeric 
      --strRefSuffix .ref 
      --colRefMarker cpaid 
      --blnInAll 0 
      --blnRefAll 0 
      --blnWriteNotInRef 1
	** Function evaluation time: 1.01 Minutes
	** Current memory allocated: 8308648 
   + AFCHECK 
      --colInFreq EAF 
      --colRefFreq AA1_Freq.ref 
      --arcdColourCrit R2.ref<0.3;INFO<0.3;INFO<0.3&R2.ref<0.3 
      --astrColour red;blue;purple 
      --blnPlotAll 0 
      --numLimOutlier 0.2
	** Function evaluation time: 0 Minutes
	** Current memory allocated: 6419296 
   + CALCULATE 
      --rcdCalc length(cpaid) 
      --strCalcName AFCHECK.Checked
	** Function evaluation time: 0 Minutes
	** Current memory allocated: 6419296 
   + RADDCOL 
      --rcdRAddCol AFCHECK.Checked-AFCHECK.numOutlier 
      --colROut AFok
	** Function evaluation time: 0 Minutes
	** Current memory allocated: 6419296 
   + RADDCOL 
      --rcdRAddCol AFCHECK.numOutlier 
      --colROut AFoutlier
	** Function evaluation time: 0 Minutes
	** Current memory allocated: 6419296 
   + BRPLOT 
      --acolBRPlot AFok;AFoutlier;NotInRef 
      --astrColour green;red;grey 
      --numParLas 1 
      --strPlotName BARPLOT.HighQualVar.AFchecks
	** Function evaluation time: 0 Minutes
	** Current memory allocated: 6419296 
** File processing time: 10.08 Minutes

+++++
Processing file: CP_cIMT.maxRCF.OAD.WOMEN.adjBMI.EUR.KL.230922_3.txt.gz 
   + Reading  /genetics/MixedStudies/Projects/2211_cIMT_GWAMA_PHRI/Results/GWAS/CHCP/Raw/Modified/CP_cIMT.maxRCF.OAD.WOMEN.adjBMI.EUR.KL.230922_3.txt.gz ... 
	** Data reading time: 0.97 Minutes
	** Current memory allocated: 9138424 
   + CLEAN 
      --rcdClean is.na(CHR) 
      --strCleanName numDrop.CHR.missing
	** Function evaluation time: 0 Minutes
	** Current memory allocated: 9138424 
   + CLEAN 
      --rcdClean is.na(POS) 
      --strCleanName numDrop.POS.missing
	** Function evaluation time: 0 Minutes
	** Current memory allocated: 8430568 
   + CLEAN 
      --rcdClean is.na(INFO) 
      --strCleanName numDrop.INFO.missing
	** Function evaluation time: 0 Minutes
	** Current memory allocated: 8430568 
   + CLEAN 
      --rcdClean is.na(N) 
      --strCleanName numDrop.N.missing
	** Function evaluation time: 0 Minutes
	** Current memory allocated: 8430568 
   + CLEAN 
      --rcdClean is.na(BETA) 
      --strCleanName numDrop.BETA.missing
	** Function evaluation time: 0 Minutes
	** Current memory allocated: 8430568 
   + CLEAN 
      --rcdClean is.na(SE) 
      --strCleanName numDrop.SE.missing
	** Function evaluation time: 0 Minutes
	** Current memory allocated: 8430568 
   + CLEAN 
      --rcdClean is.na(PVAL) 
      --strCleanName numDrop.PVAL.missing
	** Function evaluation time: 0 Minutes
	** Current memory allocated: 8430568 
   + CLEAN 
      --rcdClean is.na(EAF) 
      --strCleanName numDrop.EAF.missing
	** Function evaluation time: 0 Minutes
	** Current memory allocated: 8430568 
   + CLEAN 
      --rcdClean EAF==0|EAF==1 
      --strCleanName numDrop.EAF.monomorph
	** Function evaluation time: 0.01 Minutes
	** Current memory allocated: 8430568 
   + ADDCOL 
      --rcdAddCol signif(2*pmin(EAF,1-EAF)*N,4) 
      --colOut MAC_ALL
	** Function evaluation time: 0.08 Minutes
	** Current memory allocated: 9716776 
   + ADDCOL 
      --rcdAddCol signif(MAC_ALL*INFO,4) 
      --colOut DF_ALL
	** Function evaluation time: 0.06 Minutes
	** Current memory allocated: 9609592 
   + CLEAN 
      --rcdClean DF_ALL<20 
      --strCleanName numDrop.DF_ALL.20
	** Function evaluation time: 0.02 Minutes
	** Current memory allocated: 8323384 
   + CLEAN 
      --rcdClean N<30 
      --strCleanName numDrop_Nlt30
	** Function evaluation time: 0 Minutes
	** Current memory allocated: 6501256 
   + CLEAN 
      --rcdClean MAC_ALL<=6 
      --strCleanName numDrop_MAClet6
	** Function evaluation time: 0 Minutes
	** Current memory allocated: 6501256 
   + CLEAN 
      --rcdClean EAF<0|EAF>1 
      --strCleanName numDrop.EAF.invalid
	** Function evaluation time: 0.01 Minutes
	** Current memory allocated: 6501256 
   + CLEAN 
      --rcdClean abs(BETA)==Inf 
      --strCleanName numDrop.BETA.inf
	** Function evaluation time: 0 Minutes
	** Current memory allocated: 6501256 
   + CLEAN 
      --rcdClean PVAL<0|PVAL>1 
      --strCleanName numDrop.invalid.P
	** Function evaluation time: 0 Minutes
	** Current memory allocated: 6501256 
   + CLEAN 
      --rcdClean SE<=0|SE==Inf 
      --strCleanName numDrop.invalid.SE
	** Function evaluation time: 0 Minutes
	** Current memory allocated: 6501256 
   + CLEAN 
      --rcdClean abs(BETA)>1000 
      --strCleanName numDrop.BETA.extreme 
      --blnWriteCleaned 1
	** Function evaluation time: 0 Minutes
	** Current memory allocated: 6501256 
   + CLEAN 
      --rcdClean is.na(INFO_TYPE) 
      --strCleanName numDrop.MissingInformationType
	** Function evaluation time: 0 Minutes
	** Current memory allocated: 6501256 
   + CLEAN 
      --rcdClean INFO_TYPE==0&INFO<1 
      --strCleanName numDrop.Genotyped.LowInformation
	** Function evaluation time: 0 Minutes
	** Current memory allocated: 6501256 
   + CLEAN 
      --rcdClean (INFO_TYPE!= 0)&(is.na(INFO)) 
      --strCleanName numDrop.Imputed.MissingInformation
	** Function evaluation time: 0.01 Minutes
	** Current memory allocated: 6501256 
   + CLEAN 
      --rcdClean (INFO_TYPE!=0&INFO<0.3)|(INFO_TYPE==2&INFO<0.4)| (INFO_TYPE==3&INFO<0.8) 
      --strCleanName numDrop.LowInformation
	** Function evaluation time: 0.02 Minutes
	** Current memory allocated: 6854672 
   + CLEAN 
      --rcdClean !CHR%in%c(1:22,NA) 
      --strCleanName numDropSNP_ChrXY 
      --blnWriteCleaned 1
	** Function evaluation time: 0.02 Minutes
	** Current memory allocated: 6854672 
   + EDITCOL 
      --rcdEditCol gsub('^0+','',CHR) 
      --colEdit CHR
	** Function evaluation time: 0.02 Minutes
	** Current memory allocated: 6501256 
   + EDITCOL 
      --rcdEditCol gsub('^0+','',POS) 
      --colEdit POS
	** Function evaluation time: 0.2 Minutes
	** Current memory allocated: 6501256 
   + EDITCOL 
      --rcdEditCol toupper(EFFECT_ALLELE) 
      --colEdit EFFECT_ALLELE
	** Function evaluation time: 0.02 Minutes
	** Current memory allocated: 6501256 
   + EDITCOL 
      --rcdEditCol toupper(NON_EFFECT_ALLELE) 
      --colEdit NON_EFFECT_ALLELE
	** Function evaluation time: 0.02 Minutes
	** Current memory allocated: 6501256 
   + CREATECPAID 
      --colInChr CHR 
      --colInPos POS 
      --colInEA EFFECT_ALLELE 
      --colInOA NON_EFFECT_ALLELE 
      --acolInFreq EAF 
      --acolInBeta BETA
	** Function evaluation time: 0.36 Minutes
	** Current memory allocated: 7765752 
   + CLEANDUPLICATES 
      --colInMarker cpaid 
      --strMode criterion 
      --colCrit INFO 
      --strCritDir max
	** Function evaluation time: 0.07 Minutes
	** Current memory allocated: 7581632 
   + WRITE 
      --strPrefix CLEANED 
      --strSuffix cpaid 
      --strMode gz
Written 21.7% of 6285440 rows in 2 secs using 16 threads. maxBuffUsed=11%. ETA 7 secs.      Written 36.8% of 6285440 rows in 3 secs using 16 threads. maxBuffUsed=11%. ETA 5 secs.      Written 51.8% of 6285440 rows in 4 secs using 16 threads. maxBuffUsed=11%. ETA 3 secs.      Written 69.1% of 6285440 rows in 5 secs using 16 threads. maxBuffUsed=11%. ETA 2 secs.      Written 86.3% of 6285440 rows in 6 secs using 16 threads. maxBuffUsed=11%. ETA 0 secs.                                                                                                                                           	** Function evaluation time: 0.12 Minutes
	** Current memory allocated: 6501256 
   + EVALSTAT 
      --colStat N
	** Function evaluation time: 0.13 Minutes
	** Current memory allocated: 6599468 
   + GC 
      --colPval PVAL 
      --blnSuppressCorrection 1
	** Function evaluation time: 0.18 Minutes
	** Current memory allocated: 6550360 
   + QQPLOT 
      --acolQQPlot PVAL 
      --astrColour black 
      --blnAddLambdaGC 1 
      --numPvalOffset 0.05 
      --strPlotName qq.SNP 
      --strMode subplot
	** Function evaluation time: 0.31 Minutes
	** Current memory allocated: 8048120 
   + RPLOT 
      --rcdRPlotX N_max 
      --rcdRPlotY Lambda.PVAL.GC 
      --arcdAdd2Plot abline(h=1,col='orange');abline(h=1.1,col='red') 
      --strAxes lim(0,NULL,0,NULL) 
      --strPlotName GC-PLOT
	** Function evaluation time: 0 Minutes
	** Current memory allocated: 6501256 
   + MERGE 
      --colInMarker cpaid 
      --fileRef /genetics/TopMed/Charge/1000G_EUR_p3v5.TOPMed_Imputed.Allele_Freq.hg38.txt.gz 
      --acolIn cpaid;AA1_Freq;R2 
      --acolInClasses character;numeric;numeric 
      --strRefSuffix .ref 
      --colRefMarker cpaid 
      --blnInAll 0 
      --blnRefAll 0 
      --blnWriteNotInRef 1
	** Function evaluation time: 1.03 Minutes
	** Current memory allocated: 8209672 
   + AFCHECK 
      --colInFreq EAF 
      --colRefFreq AA1_Freq.ref 
      --arcdColourCrit R2.ref<0.3;INFO<0.3;INFO<0.3&R2.ref<0.3 
      --astrColour red;blue;purple 
      --blnPlotAll 0 
      --numLimOutlier 0.2
	** Function evaluation time: 0 Minutes
	** Current memory allocated: 6419296 
   + CALCULATE 
      --rcdCalc length(cpaid) 
      --strCalcName AFCHECK.Checked
	** Function evaluation time: 0 Minutes
	** Current memory allocated: 6419296 
   + RADDCOL 
      --rcdRAddCol AFCHECK.Checked-AFCHECK.numOutlier 
      --colROut AFok
	** Function evaluation time: 0 Minutes
	** Current memory allocated: 6419296 
   + RADDCOL 
      --rcdRAddCol AFCHECK.numOutlier 
      --colROut AFoutlier
	** Function evaluation time: 0 Minutes
	** Current memory allocated: 6419296 
   + BRPLOT 
      --acolBRPlot AFok;AFoutlier;NotInRef 
      --astrColour green;red;grey 
      --numParLas 1 
      --strPlotName BARPLOT.HighQualVar.AFchecks
	** Function evaluation time: 0 Minutes
	** Current memory allocated: 6419296 
** File processing time: 10.41 Minutes

+++++
Processing file: CP_cIMT.maxRCF.OAD.WOMEN.noBMI.EUR.KL.230922_3.txt.gz 
   + Reading  /genetics/MixedStudies/Projects/2211_cIMT_GWAMA_PHRI/Results/GWAS/CHCP/Raw/Modified/CP_cIMT.maxRCF.OAD.WOMEN.noBMI.EUR.KL.230922_3.txt.gz ... 
	** Data reading time: 0.92 Minutes
	** Current memory allocated: 9247408 
   + CLEAN 
      --rcdClean is.na(CHR) 
      --strCleanName numDrop.CHR.missing
	** Function evaluation time: 0 Minutes
	** Current memory allocated: 9247408 
   + CLEAN 
      --rcdClean is.na(POS) 
      --strCleanName numDrop.POS.missing
	** Function evaluation time: 0 Minutes
	** Current memory allocated: 8538664 
   + CLEAN 
      --rcdClean is.na(INFO) 
      --strCleanName numDrop.INFO.missing
	** Function evaluation time: 0.01 Minutes
	** Current memory allocated: 8538664 
   + CLEAN 
      --rcdClean is.na(N) 
      --strCleanName numDrop.N.missing
	** Function evaluation time: 0 Minutes
	** Current memory allocated: 8538664 
   + CLEAN 
      --rcdClean is.na(BETA) 
      --strCleanName numDrop.BETA.missing
	** Function evaluation time: 0 Minutes
	** Current memory allocated: 8538664 
   + CLEAN 
      --rcdClean is.na(SE) 
      --strCleanName numDrop.SE.missing
	** Function evaluation time: 0 Minutes
	** Current memory allocated: 8538664 
   + CLEAN 
      --rcdClean is.na(PVAL) 
      --strCleanName numDrop.PVAL.missing
	** Function evaluation time: 0 Minutes
	** Current memory allocated: 8538664 
   + CLEAN 
      --rcdClean is.na(EAF) 
      --strCleanName numDrop.EAF.missing
	** Function evaluation time: 0 Minutes
	** Current memory allocated: 8538664 
   + CLEAN 
      --rcdClean EAF==0|EAF==1 
      --strCleanName numDrop.EAF.monomorph
	** Function evaluation time: 0.01 Minutes
	** Current memory allocated: 8538664 
   + ADDCOL 
      --rcdAddCol signif(2*pmin(EAF,1-EAF)*N,4) 
      --colOut MAC_ALL
	** Function evaluation time: 0.06 Minutes
	** Current memory allocated: 9718216 
   + ADDCOL 
      --rcdAddCol signif(MAC_ALL*INFO,4) 
      --colOut DF_ALL
	** Function evaluation time: 0.05 Minutes
	** Current memory allocated: 9610984 
   + CLEAN 
      --rcdClean DF_ALL<20 
      --strCleanName numDrop.DF_ALL.20
	** Function evaluation time: 0.02 Minutes
	** Current memory allocated: 8431432 
   + CLEAN 
      --rcdClean N<30 
      --strCleanName numDrop_Nlt30
	** Function evaluation time: 0 Minutes
	** Current memory allocated: 6501256 
   + CLEAN 
      --rcdClean MAC_ALL<=6 
      --strCleanName numDrop_MAClet6
	** Function evaluation time: 0 Minutes
	** Current memory allocated: 6501256 
   + CLEAN 
      --rcdClean EAF<0|EAF>1 
      --strCleanName numDrop.EAF.invalid
	** Function evaluation time: 0 Minutes
	** Current memory allocated: 6501256 
   + CLEAN 
      --rcdClean abs(BETA)==Inf 
      --strCleanName numDrop.BETA.inf
	** Function evaluation time: 0 Minutes
	** Current memory allocated: 6501256 
   + CLEAN 
      --rcdClean PVAL<0|PVAL>1 
      --strCleanName numDrop.invalid.P
	** Function evaluation time: 0 Minutes
	** Current memory allocated: 6501256 
   + CLEAN 
      --rcdClean SE<=0|SE==Inf 
      --strCleanName numDrop.invalid.SE
	** Function evaluation time: 0 Minutes
	** Current memory allocated: 6501256 
   + CLEAN 
      --rcdClean abs(BETA)>1000 
      --strCleanName numDrop.BETA.extreme 
      --blnWriteCleaned 1
	** Function evaluation time: 0 Minutes
	** Current memory allocated: 6501256 
   + CLEAN 
      --rcdClean is.na(INFO_TYPE) 
      --strCleanName numDrop.MissingInformationType
	** Function evaluation time: 0 Minutes
	** Current memory allocated: 6501256 
   + CLEAN 
      --rcdClean INFO_TYPE==0&INFO<1 
      --strCleanName numDrop.Genotyped.LowInformation
	** Function evaluation time: 0 Minutes
	** Current memory allocated: 6501256 
   + CLEAN 
      --rcdClean (INFO_TYPE!= 0)&(is.na(INFO)) 
      --strCleanName numDrop.Imputed.MissingInformation
	** Function evaluation time: 0 Minutes
	** Current memory allocated: 6501256 
   + CLEAN 
      --rcdClean (INFO_TYPE!=0&INFO<0.3)|(INFO_TYPE==2&INFO<0.4)| (INFO_TYPE==3&INFO<0.8) 
      --strCleanName numDrop.LowInformation
	** Function evaluation time: 0.02 Minutes
	** Current memory allocated: 6956440 
   + CLEAN 
      --rcdClean !CHR%in%c(1:22,NA) 
      --strCleanName numDropSNP_ChrXY 
      --blnWriteCleaned 1
	** Function evaluation time: 0.02 Minutes
	** Current memory allocated: 6956440 
   + EDITCOL 
      --rcdEditCol gsub('^0+','',CHR) 
      --colEdit CHR
	** Function evaluation time: 0.02 Minutes
	** Current memory allocated: 6501256 
   + EDITCOL 
      --rcdEditCol gsub('^0+','',POS) 
      --colEdit POS
	** Function evaluation time: 0.18 Minutes
	** Current memory allocated: 6501256 
   + EDITCOL 
      --rcdEditCol toupper(EFFECT_ALLELE) 
      --colEdit EFFECT_ALLELE
	** Function evaluation time: 0.02 Minutes
	** Current memory allocated: 6501256 
   + EDITCOL 
      --rcdEditCol toupper(NON_EFFECT_ALLELE) 
      --colEdit NON_EFFECT_ALLELE
	** Function evaluation time: 0.02 Minutes
	** Current memory allocated: 6501256 
   + CREATECPAID 
      --colInChr CHR 
      --colInPos POS 
      --colInEA EFFECT_ALLELE 
      --colInOA NON_EFFECT_ALLELE 
      --acolInFreq EAF 
      --acolInBeta BETA
	** Function evaluation time: 0.33 Minutes
	** Current memory allocated: 7780324 
   + CLEANDUPLICATES 
      --colInMarker cpaid 
      --strMode criterion 
      --colCrit INFO 
      --strCritDir max
	** Function evaluation time: 0.06 Minutes
	** Current memory allocated: 7583568 
   + WRITE 
      --strPrefix CLEANED 
      --strSuffix cpaid 
      --strMode gz
Written 19.5% of 6296610 rows in 2 secs using 16 threads. maxBuffUsed=11%. ETA 8 secs.      Written 36.7% of 6296610 rows in 3 secs using 16 threads. maxBuffUsed=11%. ETA 5 secs.      Written 56.1% of 6296610 rows in 4 secs using 16 threads. maxBuffUsed=11%. ETA 3 secs.      Written 69.0% of 6296610 rows in 5 secs using 16 threads. maxBuffUsed=11%. ETA 2 secs.      Written 86.2% of 6296610 rows in 6 secs using 16 threads. maxBuffUsed=11%. ETA 1 secs.                                                                                                                                           	** Function evaluation time: 0.12 Minutes
	** Current memory allocated: 6501256 
   + EVALSTAT 
      --colStat N
	** Function evaluation time: 0.13 Minutes
	** Current memory allocated: 6624240 
   + GC 
      --colPval PVAL 
      --blnSuppressCorrection 1
	** Function evaluation time: 0.19 Minutes
	** Current memory allocated: 6501256 
   + QQPLOT 
      --acolQQPlot PVAL 
      --astrColour black 
      --blnAddLambdaGC 1 
      --numPvalOffset 0.05 
      --strPlotName qq.SNP 
      --strMode subplot
	** Function evaluation time: 0.31 Minutes
	** Current memory allocated: 8075484 
