++++++++++++++++++++++++++++++++++++++++++++++++++++++++++++++
|       EasyQC2	   |     1.1.1.b5  |   01/September/2022  |
++++++++++++++++++++++++++++++++++++++++++++++++++++++++++++++
|  (C) 2013 Thomas Winkler, GNU General Public License, v3   |
++++++++++++++++++++++++++++++++++++++++++++++++++++++++++++++
|  For bug-report, please e-mail:                            |
|  thomas.winkler@klinik.uni-regensburg.de                   |
++++++++++++++++++++++++++++++++++++++++++++++++++++++++++++++

+++++
Starting Easy2: 2024-10-07 18:58:57 
Running script  /genetics/MixedStudies/Projects/2211_cIMT_GWAMA_PHRI//Scripts/QC/CHCP/CHCP_ADL_maxRCF_EUR_QC_quant.ecf ...

+++++
Getting list of input files ...
Using:
   +  /genetics/MixedStudies/Projects/2211_cIMT_GWAMA_PHRI/Results/GWAS/CHCP/Raw/Modified/CP_cIMT.maxRCF.ADL.MW.noBMI.EUR.KL.230922_3.txt.gz 
   +  /genetics/MixedStudies/Projects/2211_cIMT_GWAMA_PHRI/Results/GWAS/CHCP/Raw/Modified/CP_cIMT.maxRCF.ADL.MW.adjBMI.EUR.KL.230922_3.txt.gz 
   +  /genetics/MixedStudies/Projects/2211_cIMT_GWAMA_PHRI/Results/GWAS/CHCP/Raw/Modified/CP_cIMT.maxRCF.ADL.MEN.noBMI.EUR.KL.230922_3.txt.gz 
   +  /genetics/MixedStudies/Projects/2211_cIMT_GWAMA_PHRI/Results/GWAS/CHCP/Raw/Modified/CP_cIMT.maxRCF.ADL.MEN.adjBMI.EUR.KL.230922_3.txt.gz 
   +  /genetics/MixedStudies/Projects/2211_cIMT_GWAMA_PHRI/Results/GWAS/CHCP/Raw/Modified/CP_cIMT.maxRCF.ADL.WOMEN.noBMI.EUR.KL.230922_3.txt.gz 
   +  /genetics/MixedStudies/Projects/2211_cIMT_GWAMA_PHRI/Results/GWAS/CHCP/Raw/Modified/CP_cIMT.maxRCF.ADL.WOMEN.adjBMI.EUR.KL.230922_3.txt.gz 

+++++
Default output path is 
/genetics/MixedStudies/Projects/2211_cIMT_GWAMA_PHRI/Results/GWAS/CHCP/QCed/ADL//maxRCF/EUR

+++++
Performing validity check on 10 rows from each file :

   +  CP_cIMT.maxRCF.ADL.MW.noBMI.EUR.KL.230922_3.txt.gz -> OK
   +  CP_cIMT.maxRCF.ADL.MW.adjBMI.EUR.KL.230922_3.txt.gz -> OK
   +  CP_cIMT.maxRCF.ADL.MEN.noBMI.EUR.KL.230922_3.txt.gz -> OK
   +  CP_cIMT.maxRCF.ADL.MEN.adjBMI.EUR.KL.230922_3.txt.gz -> OK
   +  CP_cIMT.maxRCF.ADL.WOMEN.noBMI.EUR.KL.230922_3.txt.gz -> OK
   +  CP_cIMT.maxRCF.ADL.WOMEN.adjBMI.EUR.KL.230922_3.txt.gz -> OK
 Passed validity check!

+++++
Processing file: CP_cIMT.maxRCF.ADL.MW.noBMI.EUR.KL.230922_3.txt.gz 
   + Reading  /genetics/MixedStudies/Projects/2211_cIMT_GWAMA_PHRI/Results/GWAS/CHCP/Raw/Modified/CP_cIMT.maxRCF.ADL.MW.noBMI.EUR.KL.230922_3.txt.gz ... 
	** Data reading time: 0.86 Minutes
	** Current memory allocated: 6441328 
   + CLEAN 
      --rcdClean is.na(CHR) 
      --strCleanName numDrop.CHR.missing
	** Function evaluation time: 0 Minutes
	** Current memory allocated: 6680592 
   + CLEAN 
      --rcdClean is.na(POS) 
      --strCleanName numDrop.POS.missing
	** Function evaluation time: 0 Minutes
	** Current memory allocated: 4183080 
   + CLEAN 
      --rcdClean is.na(INFO) 
      --strCleanName numDrop.INFO.missing
	** Function evaluation time: 0 Minutes
	** Current memory allocated: 4183080 
   + CLEAN 
      --rcdClean is.na(N) 
      --strCleanName numDrop.N.missing
	** Function evaluation time: 0 Minutes
	** Current memory allocated: 4183080 
   + CLEAN 
      --rcdClean is.na(BETA) 
      --strCleanName numDrop.BETA.missing
	** Function evaluation time: 0 Minutes
	** Current memory allocated: 4183080 
   + CLEAN 
      --rcdClean is.na(SE) 
      --strCleanName numDrop.SE.missing
	** Function evaluation time: 0.01 Minutes
	** Current memory allocated: 4183080 
   + CLEAN 
      --rcdClean is.na(PVAL) 
      --strCleanName numDrop.PVAL.missing
	** Function evaluation time: 0 Minutes
	** Current memory allocated: 4183080 
   + CLEAN 
      --rcdClean is.na(EAF) 
      --strCleanName numDrop.EAF.missing
	** Function evaluation time: 0.02 Minutes
	** Current memory allocated: 6530884 
   + CLEAN 
      --rcdClean EAF==0|EAF==1 
      --strCleanName numDrop.EAF.monomorph
	** Function evaluation time: 0.02 Minutes
	** Current memory allocated: 6769988 
   + ADDCOL 
      --rcdAddCol signif(2*pmin(EAF,1-EAF)*N,4) 
      --colOut MAC_ALL
	** Function evaluation time: 0.07 Minutes
	** Current memory allocated: 6470824 
   + ADDCOL 
      --rcdAddCol signif(MAC_ALL*INFO,4) 
      --colOut DF_ALL
	** Function evaluation time: 0.05 Minutes
	** Current memory allocated: 6829696 
   + CLEAN 
      --rcdClean DF_ALL<20 
      --strCleanName numDrop.DF_ALL.20
	** Function evaluation time: 0.02 Minutes
	** Current memory allocated: 5942092 
   + CLEAN 
      --rcdClean N<30 
      --strCleanName numDrop_Nlt30
	** Function evaluation time: 0 Minutes
	** Current memory allocated: 3002428 
   + CLEAN 
      --rcdClean MAC_ALL<=6 
      --strCleanName numDrop_MAClet6
	** Function evaluation time: 0 Minutes
	** Current memory allocated: 3002428 
   + CLEAN 
      --rcdClean EAF<0|EAF>1 
      --strCleanName numDrop.EAF.invalid
	** Function evaluation time: 0 Minutes
	** Current memory allocated: 3057904 
   + CLEAN 
      --rcdClean abs(BETA)==Inf 
      --strCleanName numDrop.BETA.inf
	** Function evaluation time: 0 Minutes
	** Current memory allocated: 3002428 
   + CLEAN 
      --rcdClean PVAL<0|PVAL>1 
      --strCleanName numDrop.invalid.P
	** Function evaluation time: 0 Minutes
	** Current memory allocated: 3057904 
   + CLEAN 
      --rcdClean SE<=0|SE==Inf 
      --strCleanName numDrop.invalid.SE
	** Function evaluation time: 0 Minutes
	** Current memory allocated: 3057904 
   + CLEAN 
      --rcdClean abs(BETA)>1000 
      --strCleanName numDrop.BETA.extreme 
      --blnWriteCleaned 1
	** Function evaluation time: 0 Minutes
	** Current memory allocated: 3085644 
   + CLEAN 
      --rcdClean is.na(INFO_TYPE) 
      --strCleanName numDrop.MissingInformationType
	** Function evaluation time: 0 Minutes
	** Current memory allocated: 2946948 
   + CLEAN 
      --rcdClean INFO_TYPE==0&INFO<1 
      --strCleanName numDrop.Genotyped.LowInformation
	** Function evaluation time: 0.01 Minutes
	** Current memory allocated: 3113384 
   + CLEAN 
      --rcdClean (INFO_TYPE!= 0)&(is.na(INFO)) 
      --strCleanName numDrop.Imputed.MissingInformation
	** Function evaluation time: 0 Minutes
	** Current memory allocated: 3057904 
   + CLEAN 
      --rcdClean (INFO_TYPE!=0&INFO<0.3)|(INFO_TYPE==2&INFO<0.4)| (INFO_TYPE==3&INFO<0.8) 
      --strCleanName numDrop.LowInformation
	** Function evaluation time: 0.03 Minutes
	** Current memory allocated: 4534620 
   + CLEAN 
      --rcdClean !CHR%in%c(1:22,NA) 
      --strCleanName numDropSNP_ChrXY 
      --blnWriteCleaned 1
	** Function evaluation time: 0.02 Minutes
	** Current memory allocated: 4289044 
   + EDITCOL 
      --rcdEditCol gsub('^0+','',CHR) 
      --colEdit CHR
	** Function evaluation time: 0.02 Minutes
	** Current memory allocated: 2857412 
   + EDITCOL 
      --rcdEditCol gsub('^0+','',POS) 
      --colEdit POS
	** Function evaluation time: 0.21 Minutes
	** Current memory allocated: 2934628 
   + LIFTOVER 
      --colInChr CHR 
      --colInPos POS 
      --fileLiftOver /genetics/UKB/Charge/1000G_p3v5.TOPMed_Imputed.add_UKB.Liftover_hg19to38.txt.gz 
      --blnCheckLift 1
   + Reading  /genetics/UKB/Charge/1000G_p3v5.TOPMed_Imputed.add_UKB.Liftover_hg19to38.txt.gz ... 
Lifting positions ... 
LIFTOVER: 6899057 variants from CP_cIMT.maxRCF.ADL.MW.noBMI.EUR.KL.230922_3.txt.gz were lifted from Hg19 to Hg38. 3858 variants were removed due to unavailabilty in the liftover file.
	** Function evaluation time: 8.86 Minutes
	** Current memory allocated: 14087980 
   + EDITCOL 
      --rcdEditCol toupper(EFFECT_ALLELE) 
      --colEdit EFFECT_ALLELE
	** Function evaluation time: 0.02 Minutes
	** Current memory allocated: 12335332 
   + EDITCOL 
      --rcdEditCol toupper(NON_EFFECT_ALLELE) 
      --colEdit NON_EFFECT_ALLELE
	** Function evaluation time: 0.02 Minutes
	** Current memory allocated: 12335332 
   + CREATECPAID 
      --colInChr CHR 
      --colInPos POS 
      --colInEA EFFECT_ALLELE 
      --colInOA NON_EFFECT_ALLELE 
      --acolInFreq EAF 
      --acolInBeta BETA
	** Function evaluation time: 0.4 Minutes
	** Current memory allocated: 15659508 
   + CLEANDUPLICATES 
      --colInMarker cpaid 
      --strMode criterion 
      --colCrit INFO 
      --strCritDir max
	** Function evaluation time: 0.11 Minutes
	** Current memory allocated: 15967632 
   + WRITE 
      --strPrefix CLEANED 
      --strSuffix cpaid 
      --strMode gz
Written 22.3% of 6899053 rows in 2 secs using 16 threads. maxBuffUsed=10%. ETA 7 secs.      Written 38.9% of 6899053 rows in 3 secs using 16 threads. maxBuffUsed=10%. ETA 4 secs.      Written 51.8% of 6899053 rows in 4 secs using 16 threads. maxBuffUsed=10%. ETA 3 secs.      Written 68.5% of 6899053 rows in 5 secs using 16 threads. maxBuffUsed=10%. ETA 2 secs.      Written 86.9% of 6899053 rows in 6 secs using 16 threads. maxBuffUsed=10%. ETA 0 secs.                                                                                                                                           	** Function evaluation time: 0.13 Minutes
	** Current memory allocated: 14312048 
   + EVALSTAT 
      --colStat N
	** Function evaluation time: 0.13 Minutes
	** Current memory allocated: 14338996 
   + GC 
      --colPval PVAL 
      --blnSuppressCorrection 1
	** Function evaluation time: 0.25 Minutes
	** Current memory allocated: 14338996 
   + QQPLOT 
      --acolQQPlot PVAL 
      --astrColour black 
      --blnAddLambdaGC 1 
      --numPvalOffset 0.05 
      --strPlotName qq.SNP 
      --strMode subplot
	** Function evaluation time: 0.34 Minutes
	** Current memory allocated: 15956408 
   + RPLOT 
      --rcdRPlotX N_max 
      --rcdRPlotY Lambda.PVAL.GC 
      --arcdAdd2Plot abline(h=1,col='orange');abline(h=1.1,col='red') 
      --strAxes lim(0,NULL,0,NULL) 
      --strPlotName GC-PLOT
	** Function evaluation time: 0 Minutes
	** Current memory allocated: 14312476 
   + MERGE 
      --colInMarker cpaid 
      --fileRef /genetics/TopMed/Charge/1000G_EUR_p3v5.TOPMed_Imputed.Allele_Freq.hg38.txt.gz 
      --acolIn cpaid;AA1_Freq;R2 
      --acolInClasses character;numeric;numeric 
      --strRefSuffix .ref 
      --colRefMarker cpaid 
      --blnInAll 0 
      --blnRefAll 0 
      --blnWriteNotInRef 1
   + Reading  /genetics/TopMed/Charge/1000G_EUR_p3v5.TOPMed_Imputed.Allele_Freq.hg38.txt.gz ... 
	** Function evaluation time: 2.17 Minutes
	** Current memory allocated: 15751644 
   + AFCHECK 
      --colInFreq EAF 
      --colRefFreq AA1_Freq.ref 
      --arcdColourCrit R2.ref<0.3;INFO<0.3;INFO<0.3&R2.ref<0.3 
      --astrColour red;blue;purple 
      --blnPlotAll 0 
      --numLimOutlier 0.2
	** Function evaluation time: 0.04 Minutes
	** Current memory allocated: 16755816 
   + CALCULATE 
      --rcdCalc length(cpaid) 
      --strCalcName AFCHECK.Checked
	** Function evaluation time: 0 Minutes
	** Current memory allocated: 14176424 
   + RADDCOL 
      --rcdRAddCol AFCHECK.Checked-AFCHECK.numOutlier 
      --colROut AFok
	** Function evaluation time: 0 Minutes
	** Current memory allocated: 14176424 
   + RADDCOL 
      --rcdRAddCol AFCHECK.numOutlier 
      --colROut AFoutlier
	** Function evaluation time: 0 Minutes
	** Current memory allocated: 14176424 
   + BRPLOT 
      --acolBRPlot AFok;AFoutlier;NotInRef 
      --astrColour green;red;grey 
      --numParLas 1 
      --strPlotName BARPLOT.HighQualVar.AFchecks
	** Function evaluation time: 0 Minutes
	** Current memory allocated: 14176424 
   + PZPLOT 
      --colBeta BETA 
      --colSe SE 
      --colPval PVAL
	** Function evaluation time: 0.14 Minutes
	** Current memory allocated: 16625156 
** File processing time: 28.89 Minutes

+++++
Processing file: CP_cIMT.maxRCF.ADL.MW.adjBMI.EUR.KL.230922_3.txt.gz 
   + Reading  /genetics/MixedStudies/Projects/2211_cIMT_GWAMA_PHRI/Results/GWAS/CHCP/Raw/Modified/CP_cIMT.maxRCF.ADL.MW.adjBMI.EUR.KL.230922_3.txt.gz ... 
	** Data reading time: 1.98 Minutes
	** Current memory allocated: 18882764 
   + CLEAN 
      --rcdClean is.na(CHR) 
      --strCleanName numDrop.CHR.missing
	** Function evaluation time: 0 Minutes
	** Current memory allocated: 18882764 
   + CLEAN 
      --rcdClean is.na(POS) 
      --strCleanName numDrop.POS.missing
	** Function evaluation time: 0 Minutes
	** Current memory allocated: 16909544 
   + CLEAN 
      --rcdClean is.na(INFO) 
      --strCleanName numDrop.INFO.missing
	** Function evaluation time: 0 Minutes
	** Current memory allocated: 16909544 
   + CLEAN 
      --rcdClean is.na(N) 
      --strCleanName numDrop.N.missing
	** Function evaluation time: 0 Minutes
	** Current memory allocated: 16909544 
   + CLEAN 
      --rcdClean is.na(BETA) 
      --strCleanName numDrop.BETA.missing
	** Function evaluation time: 0 Minutes
	** Current memory allocated: 16909544 
   + CLEAN 
      --rcdClean is.na(SE) 
      --strCleanName numDrop.SE.missing
	** Function evaluation time: 0 Minutes
	** Current memory allocated: 16909544 
   + CLEAN 
      --rcdClean is.na(PVAL) 
      --strCleanName numDrop.PVAL.missing
	** Function evaluation time: 0 Minutes
	** Current memory allocated: 16909544 
   + CLEAN 
      --rcdClean is.na(EAF) 
      --strCleanName numDrop.EAF.missing
	** Function evaluation time: 0.02 Minutes
	** Current memory allocated: 18583888 
   + CLEAN 
      --rcdClean EAF==0|EAF==1 
      --strCleanName numDrop.EAF.monomorph
	** Function evaluation time: 0.03 Minutes
	** Current memory allocated: 18822952 
   + ADDCOL 
      --rcdAddCol signif(2*pmin(EAF,1-EAF)*N,4) 
      --colOut MAC_ALL
	** Function evaluation time: 0.09 Minutes
	** Current memory allocated: 19181672 
   + ADDCOL 
      --rcdAddCol signif(MAC_ALL*INFO,4) 
      --colOut DF_ALL
	** Function evaluation time: 0.09 Minutes
	** Current memory allocated: 19062080 
   + CLEAN 
      --rcdClean DF_ALL<20 
      --strCleanName numDrop.DF_ALL.20
	** Function evaluation time: 0.02 Minutes
	** Current memory allocated: 17916440 
   + CLEAN 
      --rcdClean N<30 
      --strCleanName numDrop_Nlt30
	** Function evaluation time: 0 Minutes
	** Current memory allocated: 16002968 
   + CLEAN 
      --rcdClean MAC_ALL<=6 
      --strCleanName numDrop_MAClet6
	** Function evaluation time: 0 Minutes
	** Current memory allocated: 16002968 
   + CLEAN 
      --rcdClean EAF<0|EAF>1 
      --strCleanName numDrop.EAF.invalid
	** Function evaluation time: 0 Minutes
	** Current memory allocated: 16002968 
   + CLEAN 
      --rcdClean abs(BETA)==Inf 
      --strCleanName numDrop.BETA.inf
	** Function evaluation time: 0 Minutes
	** Current memory allocated: 16002968 
   + CLEAN 
      --rcdClean PVAL<0|PVAL>1 
      --strCleanName numDrop.invalid.P
	** Function evaluation time: 0 Minutes
	** Current memory allocated: 16002968 
   + CLEAN 
      --rcdClean SE<=0|SE==Inf 
      --strCleanName numDrop.invalid.SE
	** Function evaluation time: 0 Minutes
	** Current memory allocated: 16002968 
   + CLEAN 
      --rcdClean abs(BETA)>1000 
      --strCleanName numDrop.BETA.extreme 
      --blnWriteCleaned 1
	** Function evaluation time: 0 Minutes
	** Current memory allocated: 16002968 
   + CLEAN 
      --rcdClean is.na(INFO_TYPE) 
      --strCleanName numDrop.MissingInformationType
	** Function evaluation time: 0 Minutes
	** Current memory allocated: 16002968 
